ARM GAS  C:\Users\Akame\AppData\Local\Temp\ccZH8fHH.s 			page 1


   1              		.cpu cortex-m3
   2              		.arch armv7-m
   3              		.fpu softvfp
   4              		.eabi_attribute 20, 1
   5              		.eabi_attribute 21, 1
   6              		.eabi_attribute 23, 3
   7              		.eabi_attribute 24, 1
   8              		.eabi_attribute 25, 1
   9              		.eabi_attribute 26, 1
  10              		.eabi_attribute 30, 1
  11              		.eabi_attribute 34, 1
  12              		.eabi_attribute 18, 4
  13              		.file	"stm32f1xx_hal_exti.c"
  14              		.text
  15              	.Ltext0:
  16              		.cfi_sections	.debug_frame
  17              		.file 1 "Drivers/STM32F1xx_HAL_Driver/Src/stm32f1xx_hal_exti.c"
  18              		.section	.text.HAL_EXTI_SetConfigLine,"ax",%progbits
  19              		.align	1
  20              		.global	HAL_EXTI_SetConfigLine
  21              		.syntax unified
  22              		.thumb
  23              		.thumb_func
  25              	HAL_EXTI_SetConfigLine:
  26              	.LVL0:
  27              	.LFB65:
   1:Drivers/STM32F1xx_HAL_Driver/Src/stm32f1xx_hal_exti.c **** /**
   2:Drivers/STM32F1xx_HAL_Driver/Src/stm32f1xx_hal_exti.c ****   ******************************************************************************
   3:Drivers/STM32F1xx_HAL_Driver/Src/stm32f1xx_hal_exti.c ****   * @file    stm32f1xx_hal_exti.c
   4:Drivers/STM32F1xx_HAL_Driver/Src/stm32f1xx_hal_exti.c ****   * @author  MCD Application Team
   5:Drivers/STM32F1xx_HAL_Driver/Src/stm32f1xx_hal_exti.c ****   * @brief   EXTI HAL module driver.
   6:Drivers/STM32F1xx_HAL_Driver/Src/stm32f1xx_hal_exti.c ****   *          This file provides firmware functions to manage the following
   7:Drivers/STM32F1xx_HAL_Driver/Src/stm32f1xx_hal_exti.c ****   *          functionalities of the Extended Interrupts and events controller (EXTI) peripheral:
   8:Drivers/STM32F1xx_HAL_Driver/Src/stm32f1xx_hal_exti.c ****   *           + Initialization and de-initialization functions
   9:Drivers/STM32F1xx_HAL_Driver/Src/stm32f1xx_hal_exti.c ****   *           + IO operation functions
  10:Drivers/STM32F1xx_HAL_Driver/Src/stm32f1xx_hal_exti.c ****   *
  11:Drivers/STM32F1xx_HAL_Driver/Src/stm32f1xx_hal_exti.c ****   ******************************************************************************
  12:Drivers/STM32F1xx_HAL_Driver/Src/stm32f1xx_hal_exti.c ****   * @attention
  13:Drivers/STM32F1xx_HAL_Driver/Src/stm32f1xx_hal_exti.c ****   *
  14:Drivers/STM32F1xx_HAL_Driver/Src/stm32f1xx_hal_exti.c ****   * Copyright (c) 2019 STMicroelectronics.
  15:Drivers/STM32F1xx_HAL_Driver/Src/stm32f1xx_hal_exti.c ****   * All rights reserved.
  16:Drivers/STM32F1xx_HAL_Driver/Src/stm32f1xx_hal_exti.c ****   *
  17:Drivers/STM32F1xx_HAL_Driver/Src/stm32f1xx_hal_exti.c ****   * This software is licensed under terms that can be found in the LICENSE file
  18:Drivers/STM32F1xx_HAL_Driver/Src/stm32f1xx_hal_exti.c ****   * in the root directory of this software component.
  19:Drivers/STM32F1xx_HAL_Driver/Src/stm32f1xx_hal_exti.c ****   * If no LICENSE file comes with this software, it is provided AS-IS.
  20:Drivers/STM32F1xx_HAL_Driver/Src/stm32f1xx_hal_exti.c ****   *
  21:Drivers/STM32F1xx_HAL_Driver/Src/stm32f1xx_hal_exti.c ****   ******************************************************************************
  22:Drivers/STM32F1xx_HAL_Driver/Src/stm32f1xx_hal_exti.c ****   @verbatim
  23:Drivers/STM32F1xx_HAL_Driver/Src/stm32f1xx_hal_exti.c ****   ==============================================================================
  24:Drivers/STM32F1xx_HAL_Driver/Src/stm32f1xx_hal_exti.c ****                     ##### EXTI Peripheral features #####
  25:Drivers/STM32F1xx_HAL_Driver/Src/stm32f1xx_hal_exti.c ****   ==============================================================================
  26:Drivers/STM32F1xx_HAL_Driver/Src/stm32f1xx_hal_exti.c ****   [..]
  27:Drivers/STM32F1xx_HAL_Driver/Src/stm32f1xx_hal_exti.c ****     (+) Each Exti line can be configured within this driver.
  28:Drivers/STM32F1xx_HAL_Driver/Src/stm32f1xx_hal_exti.c **** 
  29:Drivers/STM32F1xx_HAL_Driver/Src/stm32f1xx_hal_exti.c ****     (+) Exti line can be configured in 3 different modes
  30:Drivers/STM32F1xx_HAL_Driver/Src/stm32f1xx_hal_exti.c ****         (++) Interrupt
  31:Drivers/STM32F1xx_HAL_Driver/Src/stm32f1xx_hal_exti.c ****         (++) Event
ARM GAS  C:\Users\Akame\AppData\Local\Temp\ccZH8fHH.s 			page 2


  32:Drivers/STM32F1xx_HAL_Driver/Src/stm32f1xx_hal_exti.c ****         (++) Both of them
  33:Drivers/STM32F1xx_HAL_Driver/Src/stm32f1xx_hal_exti.c **** 
  34:Drivers/STM32F1xx_HAL_Driver/Src/stm32f1xx_hal_exti.c ****     (+) Configurable Exti lines can be configured with 3 different triggers
  35:Drivers/STM32F1xx_HAL_Driver/Src/stm32f1xx_hal_exti.c ****         (++) Rising
  36:Drivers/STM32F1xx_HAL_Driver/Src/stm32f1xx_hal_exti.c ****         (++) Falling
  37:Drivers/STM32F1xx_HAL_Driver/Src/stm32f1xx_hal_exti.c ****         (++) Both of them
  38:Drivers/STM32F1xx_HAL_Driver/Src/stm32f1xx_hal_exti.c **** 
  39:Drivers/STM32F1xx_HAL_Driver/Src/stm32f1xx_hal_exti.c ****     (+) When set in interrupt mode, configurable Exti lines have two different
  40:Drivers/STM32F1xx_HAL_Driver/Src/stm32f1xx_hal_exti.c ****         interrupts pending registers which allow to distinguish which transition
  41:Drivers/STM32F1xx_HAL_Driver/Src/stm32f1xx_hal_exti.c ****         occurs:
  42:Drivers/STM32F1xx_HAL_Driver/Src/stm32f1xx_hal_exti.c ****         (++) Rising edge pending interrupt
  43:Drivers/STM32F1xx_HAL_Driver/Src/stm32f1xx_hal_exti.c ****         (++) Falling
  44:Drivers/STM32F1xx_HAL_Driver/Src/stm32f1xx_hal_exti.c **** 
  45:Drivers/STM32F1xx_HAL_Driver/Src/stm32f1xx_hal_exti.c ****     (+) Exti lines 0 to 15 are linked to gpio pin number 0 to 15. Gpio port can
  46:Drivers/STM32F1xx_HAL_Driver/Src/stm32f1xx_hal_exti.c ****         be selected through multiplexer.
  47:Drivers/STM32F1xx_HAL_Driver/Src/stm32f1xx_hal_exti.c **** 
  48:Drivers/STM32F1xx_HAL_Driver/Src/stm32f1xx_hal_exti.c ****                      ##### How to use this driver #####
  49:Drivers/STM32F1xx_HAL_Driver/Src/stm32f1xx_hal_exti.c ****   ==============================================================================
  50:Drivers/STM32F1xx_HAL_Driver/Src/stm32f1xx_hal_exti.c ****   [..]
  51:Drivers/STM32F1xx_HAL_Driver/Src/stm32f1xx_hal_exti.c **** 
  52:Drivers/STM32F1xx_HAL_Driver/Src/stm32f1xx_hal_exti.c ****     (#) Configure the EXTI line using HAL_EXTI_SetConfigLine().
  53:Drivers/STM32F1xx_HAL_Driver/Src/stm32f1xx_hal_exti.c ****         (++) Choose the interrupt line number by setting "Line" member from
  54:Drivers/STM32F1xx_HAL_Driver/Src/stm32f1xx_hal_exti.c ****              EXTI_ConfigTypeDef structure.
  55:Drivers/STM32F1xx_HAL_Driver/Src/stm32f1xx_hal_exti.c ****         (++) Configure the interrupt and/or event mode using "Mode" member from
  56:Drivers/STM32F1xx_HAL_Driver/Src/stm32f1xx_hal_exti.c ****              EXTI_ConfigTypeDef structure.
  57:Drivers/STM32F1xx_HAL_Driver/Src/stm32f1xx_hal_exti.c ****         (++) For configurable lines, configure rising and/or falling trigger
  58:Drivers/STM32F1xx_HAL_Driver/Src/stm32f1xx_hal_exti.c ****              "Trigger" member from EXTI_ConfigTypeDef structure.
  59:Drivers/STM32F1xx_HAL_Driver/Src/stm32f1xx_hal_exti.c ****         (++) For Exti lines linked to gpio, choose gpio port using "GPIOSel"
  60:Drivers/STM32F1xx_HAL_Driver/Src/stm32f1xx_hal_exti.c ****              member from GPIO_InitTypeDef structure.
  61:Drivers/STM32F1xx_HAL_Driver/Src/stm32f1xx_hal_exti.c **** 
  62:Drivers/STM32F1xx_HAL_Driver/Src/stm32f1xx_hal_exti.c ****     (#) Get current Exti configuration of a dedicated line using
  63:Drivers/STM32F1xx_HAL_Driver/Src/stm32f1xx_hal_exti.c ****         HAL_EXTI_GetConfigLine().
  64:Drivers/STM32F1xx_HAL_Driver/Src/stm32f1xx_hal_exti.c ****         (++) Provide exiting handle as parameter.
  65:Drivers/STM32F1xx_HAL_Driver/Src/stm32f1xx_hal_exti.c ****         (++) Provide pointer on EXTI_ConfigTypeDef structure as second parameter.
  66:Drivers/STM32F1xx_HAL_Driver/Src/stm32f1xx_hal_exti.c **** 
  67:Drivers/STM32F1xx_HAL_Driver/Src/stm32f1xx_hal_exti.c ****     (#) Clear Exti configuration of a dedicated line using HAL_EXTI_ClearConfigLine().
  68:Drivers/STM32F1xx_HAL_Driver/Src/stm32f1xx_hal_exti.c ****         (++) Provide exiting handle as parameter.
  69:Drivers/STM32F1xx_HAL_Driver/Src/stm32f1xx_hal_exti.c **** 
  70:Drivers/STM32F1xx_HAL_Driver/Src/stm32f1xx_hal_exti.c ****     (#) Register callback to treat Exti interrupts using HAL_EXTI_RegisterCallback().
  71:Drivers/STM32F1xx_HAL_Driver/Src/stm32f1xx_hal_exti.c ****         (++) Provide exiting handle as first parameter.
  72:Drivers/STM32F1xx_HAL_Driver/Src/stm32f1xx_hal_exti.c ****         (++) Provide which callback will be registered using one value from
  73:Drivers/STM32F1xx_HAL_Driver/Src/stm32f1xx_hal_exti.c ****              EXTI_CallbackIDTypeDef.
  74:Drivers/STM32F1xx_HAL_Driver/Src/stm32f1xx_hal_exti.c ****         (++) Provide callback function pointer.
  75:Drivers/STM32F1xx_HAL_Driver/Src/stm32f1xx_hal_exti.c **** 
  76:Drivers/STM32F1xx_HAL_Driver/Src/stm32f1xx_hal_exti.c ****     (#) Get interrupt pending bit using HAL_EXTI_GetPending().
  77:Drivers/STM32F1xx_HAL_Driver/Src/stm32f1xx_hal_exti.c **** 
  78:Drivers/STM32F1xx_HAL_Driver/Src/stm32f1xx_hal_exti.c ****     (#) Clear interrupt pending bit using HAL_EXTI_ClearPending().
  79:Drivers/STM32F1xx_HAL_Driver/Src/stm32f1xx_hal_exti.c **** 
  80:Drivers/STM32F1xx_HAL_Driver/Src/stm32f1xx_hal_exti.c ****     (#) Generate software interrupt using HAL_EXTI_GenerateSWI().
  81:Drivers/STM32F1xx_HAL_Driver/Src/stm32f1xx_hal_exti.c **** 
  82:Drivers/STM32F1xx_HAL_Driver/Src/stm32f1xx_hal_exti.c ****   @endverbatim
  83:Drivers/STM32F1xx_HAL_Driver/Src/stm32f1xx_hal_exti.c ****   */
  84:Drivers/STM32F1xx_HAL_Driver/Src/stm32f1xx_hal_exti.c **** 
  85:Drivers/STM32F1xx_HAL_Driver/Src/stm32f1xx_hal_exti.c **** /* Includes ------------------------------------------------------------------*/
  86:Drivers/STM32F1xx_HAL_Driver/Src/stm32f1xx_hal_exti.c **** #include "stm32f1xx_hal.h"
  87:Drivers/STM32F1xx_HAL_Driver/Src/stm32f1xx_hal_exti.c **** 
  88:Drivers/STM32F1xx_HAL_Driver/Src/stm32f1xx_hal_exti.c **** /** @addtogroup STM32F1xx_HAL_Driver
ARM GAS  C:\Users\Akame\AppData\Local\Temp\ccZH8fHH.s 			page 3


  89:Drivers/STM32F1xx_HAL_Driver/Src/stm32f1xx_hal_exti.c ****   * @{
  90:Drivers/STM32F1xx_HAL_Driver/Src/stm32f1xx_hal_exti.c ****   */
  91:Drivers/STM32F1xx_HAL_Driver/Src/stm32f1xx_hal_exti.c **** 
  92:Drivers/STM32F1xx_HAL_Driver/Src/stm32f1xx_hal_exti.c **** /** @addtogroup EXTI
  93:Drivers/STM32F1xx_HAL_Driver/Src/stm32f1xx_hal_exti.c ****   * @{
  94:Drivers/STM32F1xx_HAL_Driver/Src/stm32f1xx_hal_exti.c ****   */
  95:Drivers/STM32F1xx_HAL_Driver/Src/stm32f1xx_hal_exti.c **** /** MISRA C:2012 deviation rule has been granted for following rule:
  96:Drivers/STM32F1xx_HAL_Driver/Src/stm32f1xx_hal_exti.c ****   * Rule-18.1_b - Medium: Array `EXTICR' 1st subscript interval [0,7] may be out
  97:Drivers/STM32F1xx_HAL_Driver/Src/stm32f1xx_hal_exti.c ****   * of bounds [0,3] in following API :
  98:Drivers/STM32F1xx_HAL_Driver/Src/stm32f1xx_hal_exti.c ****   * HAL_EXTI_SetConfigLine
  99:Drivers/STM32F1xx_HAL_Driver/Src/stm32f1xx_hal_exti.c ****   * HAL_EXTI_GetConfigLine
 100:Drivers/STM32F1xx_HAL_Driver/Src/stm32f1xx_hal_exti.c ****   * HAL_EXTI_ClearConfigLine
 101:Drivers/STM32F1xx_HAL_Driver/Src/stm32f1xx_hal_exti.c ****   */
 102:Drivers/STM32F1xx_HAL_Driver/Src/stm32f1xx_hal_exti.c **** 
 103:Drivers/STM32F1xx_HAL_Driver/Src/stm32f1xx_hal_exti.c **** #ifdef HAL_EXTI_MODULE_ENABLED
 104:Drivers/STM32F1xx_HAL_Driver/Src/stm32f1xx_hal_exti.c **** 
 105:Drivers/STM32F1xx_HAL_Driver/Src/stm32f1xx_hal_exti.c **** /* Private typedef -----------------------------------------------------------*/
 106:Drivers/STM32F1xx_HAL_Driver/Src/stm32f1xx_hal_exti.c **** /* Private defines -----------------------------------------------------------*/
 107:Drivers/STM32F1xx_HAL_Driver/Src/stm32f1xx_hal_exti.c **** /** @defgroup EXTI_Private_Constants EXTI Private Constants
 108:Drivers/STM32F1xx_HAL_Driver/Src/stm32f1xx_hal_exti.c ****   * @{
 109:Drivers/STM32F1xx_HAL_Driver/Src/stm32f1xx_hal_exti.c ****   */
 110:Drivers/STM32F1xx_HAL_Driver/Src/stm32f1xx_hal_exti.c **** 
 111:Drivers/STM32F1xx_HAL_Driver/Src/stm32f1xx_hal_exti.c **** /**
 112:Drivers/STM32F1xx_HAL_Driver/Src/stm32f1xx_hal_exti.c ****   * @}
 113:Drivers/STM32F1xx_HAL_Driver/Src/stm32f1xx_hal_exti.c ****   */
 114:Drivers/STM32F1xx_HAL_Driver/Src/stm32f1xx_hal_exti.c **** 
 115:Drivers/STM32F1xx_HAL_Driver/Src/stm32f1xx_hal_exti.c **** /* Private macros ------------------------------------------------------------*/
 116:Drivers/STM32F1xx_HAL_Driver/Src/stm32f1xx_hal_exti.c **** /* Private variables ---------------------------------------------------------*/
 117:Drivers/STM32F1xx_HAL_Driver/Src/stm32f1xx_hal_exti.c **** /* Private function prototypes -----------------------------------------------*/
 118:Drivers/STM32F1xx_HAL_Driver/Src/stm32f1xx_hal_exti.c **** /* Exported functions --------------------------------------------------------*/
 119:Drivers/STM32F1xx_HAL_Driver/Src/stm32f1xx_hal_exti.c **** 
 120:Drivers/STM32F1xx_HAL_Driver/Src/stm32f1xx_hal_exti.c **** /** @addtogroup EXTI_Exported_Functions
 121:Drivers/STM32F1xx_HAL_Driver/Src/stm32f1xx_hal_exti.c ****   * @{
 122:Drivers/STM32F1xx_HAL_Driver/Src/stm32f1xx_hal_exti.c ****   */
 123:Drivers/STM32F1xx_HAL_Driver/Src/stm32f1xx_hal_exti.c **** 
 124:Drivers/STM32F1xx_HAL_Driver/Src/stm32f1xx_hal_exti.c **** /** @addtogroup EXTI_Exported_Functions_Group1
 125:Drivers/STM32F1xx_HAL_Driver/Src/stm32f1xx_hal_exti.c ****   *  @brief    Configuration functions
 126:Drivers/STM32F1xx_HAL_Driver/Src/stm32f1xx_hal_exti.c ****   *
 127:Drivers/STM32F1xx_HAL_Driver/Src/stm32f1xx_hal_exti.c **** @verbatim
 128:Drivers/STM32F1xx_HAL_Driver/Src/stm32f1xx_hal_exti.c ****  ===============================================================================
 129:Drivers/STM32F1xx_HAL_Driver/Src/stm32f1xx_hal_exti.c ****               ##### Configuration functions #####
 130:Drivers/STM32F1xx_HAL_Driver/Src/stm32f1xx_hal_exti.c ****  ===============================================================================
 131:Drivers/STM32F1xx_HAL_Driver/Src/stm32f1xx_hal_exti.c **** 
 132:Drivers/STM32F1xx_HAL_Driver/Src/stm32f1xx_hal_exti.c **** @endverbatim
 133:Drivers/STM32F1xx_HAL_Driver/Src/stm32f1xx_hal_exti.c ****   * @{
 134:Drivers/STM32F1xx_HAL_Driver/Src/stm32f1xx_hal_exti.c ****   */
 135:Drivers/STM32F1xx_HAL_Driver/Src/stm32f1xx_hal_exti.c **** 
 136:Drivers/STM32F1xx_HAL_Driver/Src/stm32f1xx_hal_exti.c **** /**
 137:Drivers/STM32F1xx_HAL_Driver/Src/stm32f1xx_hal_exti.c ****   * @brief  Set configuration of a dedicated Exti line.
 138:Drivers/STM32F1xx_HAL_Driver/Src/stm32f1xx_hal_exti.c ****   * @param  hexti Exti handle.
 139:Drivers/STM32F1xx_HAL_Driver/Src/stm32f1xx_hal_exti.c ****   * @param  pExtiConfig Pointer on EXTI configuration to be set.
 140:Drivers/STM32F1xx_HAL_Driver/Src/stm32f1xx_hal_exti.c ****   * @retval HAL Status.
 141:Drivers/STM32F1xx_HAL_Driver/Src/stm32f1xx_hal_exti.c ****   */
 142:Drivers/STM32F1xx_HAL_Driver/Src/stm32f1xx_hal_exti.c **** HAL_StatusTypeDef HAL_EXTI_SetConfigLine(EXTI_HandleTypeDef *hexti, EXTI_ConfigTypeDef *pExtiConfig
 143:Drivers/STM32F1xx_HAL_Driver/Src/stm32f1xx_hal_exti.c **** {
  28              		.loc 1 143 1 view -0
  29              		.cfi_startproc
ARM GAS  C:\Users\Akame\AppData\Local\Temp\ccZH8fHH.s 			page 4


  30              		@ args = 0, pretend = 0, frame = 0
  31              		@ frame_needed = 0, uses_anonymous_args = 0
 144:Drivers/STM32F1xx_HAL_Driver/Src/stm32f1xx_hal_exti.c ****   uint32_t regval;
  32              		.loc 1 144 3 view .LVU1
 145:Drivers/STM32F1xx_HAL_Driver/Src/stm32f1xx_hal_exti.c ****   uint32_t linepos;
  33              		.loc 1 145 3 view .LVU2
 146:Drivers/STM32F1xx_HAL_Driver/Src/stm32f1xx_hal_exti.c ****   uint32_t maskline;
  34              		.loc 1 146 3 view .LVU3
 147:Drivers/STM32F1xx_HAL_Driver/Src/stm32f1xx_hal_exti.c **** 
 148:Drivers/STM32F1xx_HAL_Driver/Src/stm32f1xx_hal_exti.c ****   /* Check null pointer */
 149:Drivers/STM32F1xx_HAL_Driver/Src/stm32f1xx_hal_exti.c ****   if ((hexti == NULL) || (pExtiConfig == NULL))
  35              		.loc 1 149 3 view .LVU4
  36              		.loc 1 149 6 is_stmt 0 view .LVU5
  37 0000 0028     		cmp	r0, #0
  38 0002 74D0     		beq	.L11
  39              		.loc 1 149 23 discriminator 1 view .LVU6
  40 0004 0029     		cmp	r1, #0
  41 0006 74D0     		beq	.L12
 143:Drivers/STM32F1xx_HAL_Driver/Src/stm32f1xx_hal_exti.c ****   uint32_t regval;
  42              		.loc 1 143 1 view .LVU7
  43 0008 10B5     		push	{r4, lr}
  44              	.LCFI0:
  45              		.cfi_def_cfa_offset 8
  46              		.cfi_offset 4, -8
  47              		.cfi_offset 14, -4
 150:Drivers/STM32F1xx_HAL_Driver/Src/stm32f1xx_hal_exti.c ****   {
 151:Drivers/STM32F1xx_HAL_Driver/Src/stm32f1xx_hal_exti.c ****     return HAL_ERROR;
 152:Drivers/STM32F1xx_HAL_Driver/Src/stm32f1xx_hal_exti.c ****   }
 153:Drivers/STM32F1xx_HAL_Driver/Src/stm32f1xx_hal_exti.c **** 
 154:Drivers/STM32F1xx_HAL_Driver/Src/stm32f1xx_hal_exti.c ****   /* Check parameters */
 155:Drivers/STM32F1xx_HAL_Driver/Src/stm32f1xx_hal_exti.c ****   assert_param(IS_EXTI_LINE(pExtiConfig->Line));
  48              		.loc 1 155 3 is_stmt 1 view .LVU8
 156:Drivers/STM32F1xx_HAL_Driver/Src/stm32f1xx_hal_exti.c ****   assert_param(IS_EXTI_MODE(pExtiConfig->Mode));
  49              		.loc 1 156 3 view .LVU9
 157:Drivers/STM32F1xx_HAL_Driver/Src/stm32f1xx_hal_exti.c **** 
 158:Drivers/STM32F1xx_HAL_Driver/Src/stm32f1xx_hal_exti.c ****   /* Assign line number to handle */
 159:Drivers/STM32F1xx_HAL_Driver/Src/stm32f1xx_hal_exti.c ****   hexti->Line = pExtiConfig->Line;
  50              		.loc 1 159 3 view .LVU10
  51              		.loc 1 159 28 is_stmt 0 view .LVU11
  52 000a 0B68     		ldr	r3, [r1]
  53              		.loc 1 159 15 view .LVU12
  54 000c 0360     		str	r3, [r0]
 160:Drivers/STM32F1xx_HAL_Driver/Src/stm32f1xx_hal_exti.c **** 
 161:Drivers/STM32F1xx_HAL_Driver/Src/stm32f1xx_hal_exti.c ****   /* Compute line mask */
 162:Drivers/STM32F1xx_HAL_Driver/Src/stm32f1xx_hal_exti.c ****   linepos = (pExtiConfig->Line & EXTI_PIN_MASK);
  55              		.loc 1 162 3 is_stmt 1 view .LVU13
  56              		.loc 1 162 11 is_stmt 0 view .LVU14
  57 000e 03F01F02 		and	r2, r3, #31
  58              	.LVL1:
 163:Drivers/STM32F1xx_HAL_Driver/Src/stm32f1xx_hal_exti.c ****   maskline = (1uL << linepos);
  59              		.loc 1 163 3 is_stmt 1 view .LVU15
  60              		.loc 1 163 12 is_stmt 0 view .LVU16
  61 0012 0120     		movs	r0, #1
  62              	.LVL2:
  63              		.loc 1 163 12 view .LVU17
  64 0014 9040     		lsls	r0, r0, r2
  65              	.LVL3:
ARM GAS  C:\Users\Akame\AppData\Local\Temp\ccZH8fHH.s 			page 5


 164:Drivers/STM32F1xx_HAL_Driver/Src/stm32f1xx_hal_exti.c **** 
 165:Drivers/STM32F1xx_HAL_Driver/Src/stm32f1xx_hal_exti.c ****   /* Configure triggers for configurable lines */
 166:Drivers/STM32F1xx_HAL_Driver/Src/stm32f1xx_hal_exti.c ****   if ((pExtiConfig->Line & EXTI_CONFIG) != 0x00u)
  66              		.loc 1 166 3 is_stmt 1 view .LVU18
  67              		.loc 1 166 6 is_stmt 0 view .LVU19
  68 0016 13F0007F 		tst	r3, #33554432
  69 001a 20D0     		beq	.L3
 167:Drivers/STM32F1xx_HAL_Driver/Src/stm32f1xx_hal_exti.c ****   {
 168:Drivers/STM32F1xx_HAL_Driver/Src/stm32f1xx_hal_exti.c ****     assert_param(IS_EXTI_TRIGGER(pExtiConfig->Trigger));
  70              		.loc 1 168 5 is_stmt 1 view .LVU20
 169:Drivers/STM32F1xx_HAL_Driver/Src/stm32f1xx_hal_exti.c **** 
 170:Drivers/STM32F1xx_HAL_Driver/Src/stm32f1xx_hal_exti.c ****     /* Configure rising trigger */
 171:Drivers/STM32F1xx_HAL_Driver/Src/stm32f1xx_hal_exti.c ****     /* Mask or set line */
 172:Drivers/STM32F1xx_HAL_Driver/Src/stm32f1xx_hal_exti.c ****     if ((pExtiConfig->Trigger & EXTI_TRIGGER_RISING) != 0x00u)
  71              		.loc 1 172 5 view .LVU21
  72              		.loc 1 172 8 is_stmt 0 view .LVU22
  73 001c D1F808C0 		ldr	ip, [r1, #8]
  74 0020 1CF0010F 		tst	ip, #1
  75 0024 2DD0     		beq	.L4
 173:Drivers/STM32F1xx_HAL_Driver/Src/stm32f1xx_hal_exti.c ****     {
 174:Drivers/STM32F1xx_HAL_Driver/Src/stm32f1xx_hal_exti.c ****       EXTI->RTSR |= maskline;
  76              		.loc 1 174 7 is_stmt 1 view .LVU23
  77              		.loc 1 174 11 is_stmt 0 view .LVU24
  78 0026 DFF8D0E0 		ldr	lr, .L18
  79 002a DEF808C0 		ldr	ip, [lr, #8]
  80              		.loc 1 174 18 view .LVU25
  81 002e 4CEA000C 		orr	ip, ip, r0
  82 0032 CEF808C0 		str	ip, [lr, #8]
  83              	.L5:
 175:Drivers/STM32F1xx_HAL_Driver/Src/stm32f1xx_hal_exti.c ****     }
 176:Drivers/STM32F1xx_HAL_Driver/Src/stm32f1xx_hal_exti.c ****     else
 177:Drivers/STM32F1xx_HAL_Driver/Src/stm32f1xx_hal_exti.c ****     {
 178:Drivers/STM32F1xx_HAL_Driver/Src/stm32f1xx_hal_exti.c ****       EXTI->RTSR &= ~maskline;
 179:Drivers/STM32F1xx_HAL_Driver/Src/stm32f1xx_hal_exti.c ****     }
 180:Drivers/STM32F1xx_HAL_Driver/Src/stm32f1xx_hal_exti.c **** 
 181:Drivers/STM32F1xx_HAL_Driver/Src/stm32f1xx_hal_exti.c ****     /* Configure falling trigger */
 182:Drivers/STM32F1xx_HAL_Driver/Src/stm32f1xx_hal_exti.c ****     /* Mask or set line */
 183:Drivers/STM32F1xx_HAL_Driver/Src/stm32f1xx_hal_exti.c ****     if ((pExtiConfig->Trigger & EXTI_TRIGGER_FALLING) != 0x00u)
  84              		.loc 1 183 5 is_stmt 1 view .LVU26
  85              		.loc 1 183 8 is_stmt 0 view .LVU27
  86 0036 D1F808C0 		ldr	ip, [r1, #8]
  87 003a 1CF0020F 		tst	ip, #2
  88 003e 29D0     		beq	.L6
 184:Drivers/STM32F1xx_HAL_Driver/Src/stm32f1xx_hal_exti.c ****     {
 185:Drivers/STM32F1xx_HAL_Driver/Src/stm32f1xx_hal_exti.c ****       EXTI->FTSR |= maskline;
  89              		.loc 1 185 7 is_stmt 1 view .LVU28
  90              		.loc 1 185 11 is_stmt 0 view .LVU29
  91 0040 DFF8B4E0 		ldr	lr, .L18
  92 0044 DEF80CC0 		ldr	ip, [lr, #12]
  93              		.loc 1 185 18 view .LVU30
  94 0048 4CEA000C 		orr	ip, ip, r0
  95 004c CEF80CC0 		str	ip, [lr, #12]
  96              	.L7:
 186:Drivers/STM32F1xx_HAL_Driver/Src/stm32f1xx_hal_exti.c ****     }
 187:Drivers/STM32F1xx_HAL_Driver/Src/stm32f1xx_hal_exti.c ****     else
 188:Drivers/STM32F1xx_HAL_Driver/Src/stm32f1xx_hal_exti.c ****     {
 189:Drivers/STM32F1xx_HAL_Driver/Src/stm32f1xx_hal_exti.c ****       EXTI->FTSR &= ~maskline;
ARM GAS  C:\Users\Akame\AppData\Local\Temp\ccZH8fHH.s 			page 6


 190:Drivers/STM32F1xx_HAL_Driver/Src/stm32f1xx_hal_exti.c ****     }
 191:Drivers/STM32F1xx_HAL_Driver/Src/stm32f1xx_hal_exti.c **** 
 192:Drivers/STM32F1xx_HAL_Driver/Src/stm32f1xx_hal_exti.c **** 
 193:Drivers/STM32F1xx_HAL_Driver/Src/stm32f1xx_hal_exti.c ****     /* Configure gpio port selection in case of gpio exti line */
 194:Drivers/STM32F1xx_HAL_Driver/Src/stm32f1xx_hal_exti.c ****     if ((pExtiConfig->Line & EXTI_GPIO) == EXTI_GPIO)
  97              		.loc 1 194 5 is_stmt 1 view .LVU31
  98              		.loc 1 194 28 is_stmt 0 view .LVU32
  99 0050 D1F800C0 		ldr	ip, [r1]
 100 0054 0CF0C06C 		and	ip, ip, #100663296
 101              		.loc 1 194 8 view .LVU33
 102 0058 BCF1C06F 		cmp	ip, #100663296
 103 005c 23D0     		beq	.L17
 104              	.LVL4:
 105              	.L3:
 195:Drivers/STM32F1xx_HAL_Driver/Src/stm32f1xx_hal_exti.c ****     {
 196:Drivers/STM32F1xx_HAL_Driver/Src/stm32f1xx_hal_exti.c ****       assert_param(IS_EXTI_GPIO_PORT(pExtiConfig->GPIOSel));
 197:Drivers/STM32F1xx_HAL_Driver/Src/stm32f1xx_hal_exti.c ****       assert_param(IS_EXTI_GPIO_PIN(linepos));
 198:Drivers/STM32F1xx_HAL_Driver/Src/stm32f1xx_hal_exti.c ****       
 199:Drivers/STM32F1xx_HAL_Driver/Src/stm32f1xx_hal_exti.c ****       regval = AFIO->EXTICR[linepos >> 2u];
 200:Drivers/STM32F1xx_HAL_Driver/Src/stm32f1xx_hal_exti.c ****       regval &= ~(AFIO_EXTICR1_EXTI0 << (AFIO_EXTICR1_EXTI1_Pos * (linepos & 0x03u)));
 201:Drivers/STM32F1xx_HAL_Driver/Src/stm32f1xx_hal_exti.c ****       regval |= (pExtiConfig->GPIOSel << (AFIO_EXTICR1_EXTI1_Pos * (linepos & 0x03u)));
 202:Drivers/STM32F1xx_HAL_Driver/Src/stm32f1xx_hal_exti.c ****       AFIO->EXTICR[linepos >> 2u] = regval;
 203:Drivers/STM32F1xx_HAL_Driver/Src/stm32f1xx_hal_exti.c ****     }
 204:Drivers/STM32F1xx_HAL_Driver/Src/stm32f1xx_hal_exti.c ****   }
 205:Drivers/STM32F1xx_HAL_Driver/Src/stm32f1xx_hal_exti.c **** 
 206:Drivers/STM32F1xx_HAL_Driver/Src/stm32f1xx_hal_exti.c ****   /* Configure interrupt mode : read current mode */
 207:Drivers/STM32F1xx_HAL_Driver/Src/stm32f1xx_hal_exti.c ****   /* Mask or set line */
 208:Drivers/STM32F1xx_HAL_Driver/Src/stm32f1xx_hal_exti.c ****   if ((pExtiConfig->Mode & EXTI_MODE_INTERRUPT) != 0x00u)
 106              		.loc 1 208 3 is_stmt 1 view .LVU34
 107              		.loc 1 208 19 is_stmt 0 view .LVU35
 108 005e 4B68     		ldr	r3, [r1, #4]
 109              		.loc 1 208 6 view .LVU36
 110 0060 13F0010F 		tst	r3, #1
 111 0064 36D0     		beq	.L8
 209:Drivers/STM32F1xx_HAL_Driver/Src/stm32f1xx_hal_exti.c ****   {
 210:Drivers/STM32F1xx_HAL_Driver/Src/stm32f1xx_hal_exti.c ****     EXTI->IMR |= maskline;
 112              		.loc 1 210 5 is_stmt 1 view .LVU37
 113              		.loc 1 210 9 is_stmt 0 view .LVU38
 114 0066 244A     		ldr	r2, .L18
 115 0068 1368     		ldr	r3, [r2]
 116              		.loc 1 210 15 view .LVU39
 117 006a 0343     		orrs	r3, r3, r0
 118 006c 1360     		str	r3, [r2]
 119              	.L9:
 211:Drivers/STM32F1xx_HAL_Driver/Src/stm32f1xx_hal_exti.c ****   }
 212:Drivers/STM32F1xx_HAL_Driver/Src/stm32f1xx_hal_exti.c ****   else
 213:Drivers/STM32F1xx_HAL_Driver/Src/stm32f1xx_hal_exti.c ****   {
 214:Drivers/STM32F1xx_HAL_Driver/Src/stm32f1xx_hal_exti.c ****     EXTI->IMR &= ~maskline;
 215:Drivers/STM32F1xx_HAL_Driver/Src/stm32f1xx_hal_exti.c ****   }
 216:Drivers/STM32F1xx_HAL_Driver/Src/stm32f1xx_hal_exti.c **** 
 217:Drivers/STM32F1xx_HAL_Driver/Src/stm32f1xx_hal_exti.c ****   /* Configure event mode : read current mode */
 218:Drivers/STM32F1xx_HAL_Driver/Src/stm32f1xx_hal_exti.c ****   /* Mask or set line */
 219:Drivers/STM32F1xx_HAL_Driver/Src/stm32f1xx_hal_exti.c ****   if ((pExtiConfig->Mode & EXTI_MODE_EVENT) != 0x00u)
 120              		.loc 1 219 3 is_stmt 1 view .LVU40
 121              		.loc 1 219 19 is_stmt 0 view .LVU41
 122 006e 4B68     		ldr	r3, [r1, #4]
 123              		.loc 1 219 6 view .LVU42
ARM GAS  C:\Users\Akame\AppData\Local\Temp\ccZH8fHH.s 			page 7


 124 0070 13F0020F 		tst	r3, #2
 125 0074 34D0     		beq	.L10
 220:Drivers/STM32F1xx_HAL_Driver/Src/stm32f1xx_hal_exti.c ****   {
 221:Drivers/STM32F1xx_HAL_Driver/Src/stm32f1xx_hal_exti.c ****     EXTI->EMR |= maskline;
 126              		.loc 1 221 5 is_stmt 1 view .LVU43
 127              		.loc 1 221 9 is_stmt 0 view .LVU44
 128 0076 204A     		ldr	r2, .L18
 129 0078 5368     		ldr	r3, [r2, #4]
 130              		.loc 1 221 15 view .LVU45
 131 007a 0343     		orrs	r3, r3, r0
 132 007c 5360     		str	r3, [r2, #4]
 222:Drivers/STM32F1xx_HAL_Driver/Src/stm32f1xx_hal_exti.c ****   }
 223:Drivers/STM32F1xx_HAL_Driver/Src/stm32f1xx_hal_exti.c ****   else
 224:Drivers/STM32F1xx_HAL_Driver/Src/stm32f1xx_hal_exti.c ****   {
 225:Drivers/STM32F1xx_HAL_Driver/Src/stm32f1xx_hal_exti.c ****     EXTI->EMR &= ~maskline;
 226:Drivers/STM32F1xx_HAL_Driver/Src/stm32f1xx_hal_exti.c ****   }
 227:Drivers/STM32F1xx_HAL_Driver/Src/stm32f1xx_hal_exti.c **** 
 228:Drivers/STM32F1xx_HAL_Driver/Src/stm32f1xx_hal_exti.c ****   return HAL_OK;
 133              		.loc 1 228 10 view .LVU46
 134 007e 0020     		movs	r0, #0
 135              	.LVL5:
 136              	.L2:
 229:Drivers/STM32F1xx_HAL_Driver/Src/stm32f1xx_hal_exti.c **** }
 137              		.loc 1 229 1 view .LVU47
 138 0080 10BD     		pop	{r4, pc}
 139              	.LVL6:
 140              	.L4:
 178:Drivers/STM32F1xx_HAL_Driver/Src/stm32f1xx_hal_exti.c ****     }
 141              		.loc 1 178 7 is_stmt 1 view .LVU48
 178:Drivers/STM32F1xx_HAL_Driver/Src/stm32f1xx_hal_exti.c ****     }
 142              		.loc 1 178 11 is_stmt 0 view .LVU49
 143 0082 DFF874E0 		ldr	lr, .L18
 144 0086 DEF808C0 		ldr	ip, [lr, #8]
 178:Drivers/STM32F1xx_HAL_Driver/Src/stm32f1xx_hal_exti.c ****     }
 145              		.loc 1 178 18 view .LVU50
 146 008a 2CEA000C 		bic	ip, ip, r0
 147 008e CEF808C0 		str	ip, [lr, #8]
 148 0092 D0E7     		b	.L5
 149              	.L6:
 189:Drivers/STM32F1xx_HAL_Driver/Src/stm32f1xx_hal_exti.c ****     }
 150              		.loc 1 189 7 is_stmt 1 view .LVU51
 189:Drivers/STM32F1xx_HAL_Driver/Src/stm32f1xx_hal_exti.c ****     }
 151              		.loc 1 189 11 is_stmt 0 view .LVU52
 152 0094 DFF860E0 		ldr	lr, .L18
 153 0098 DEF80CC0 		ldr	ip, [lr, #12]
 189:Drivers/STM32F1xx_HAL_Driver/Src/stm32f1xx_hal_exti.c ****     }
 154              		.loc 1 189 18 view .LVU53
 155 009c 2CEA000C 		bic	ip, ip, r0
 156 00a0 CEF80CC0 		str	ip, [lr, #12]
 157 00a4 D4E7     		b	.L7
 158              	.L17:
 196:Drivers/STM32F1xx_HAL_Driver/Src/stm32f1xx_hal_exti.c ****       assert_param(IS_EXTI_GPIO_PIN(linepos));
 159              		.loc 1 196 7 is_stmt 1 view .LVU54
 197:Drivers/STM32F1xx_HAL_Driver/Src/stm32f1xx_hal_exti.c ****       
 160              		.loc 1 197 7 view .LVU55
 199:Drivers/STM32F1xx_HAL_Driver/Src/stm32f1xx_hal_exti.c ****       regval &= ~(AFIO_EXTICR1_EXTI0 << (AFIO_EXTICR1_EXTI1_Pos * (linepos & 0x03u)));
 161              		.loc 1 199 7 view .LVU56
ARM GAS  C:\Users\Akame\AppData\Local\Temp\ccZH8fHH.s 			page 8


 199:Drivers/STM32F1xx_HAL_Driver/Src/stm32f1xx_hal_exti.c ****       regval &= ~(AFIO_EXTICR1_EXTI0 << (AFIO_EXTICR1_EXTI1_Pos * (linepos & 0x03u)));
 162              		.loc 1 199 37 is_stmt 0 view .LVU57
 163 00a6 9208     		lsrs	r2, r2, #2
 164              	.LVL7:
 199:Drivers/STM32F1xx_HAL_Driver/Src/stm32f1xx_hal_exti.c ****       regval &= ~(AFIO_EXTICR1_EXTI0 << (AFIO_EXTICR1_EXTI1_Pos * (linepos & 0x03u)));
 165              		.loc 1 199 14 view .LVU58
 166 00a8 0232     		adds	r2, r2, #2
 167 00aa 144C     		ldr	r4, .L18+4
 168 00ac 54F822C0 		ldr	ip, [r4, r2, lsl #2]
 169              	.LVL8:
 200:Drivers/STM32F1xx_HAL_Driver/Src/stm32f1xx_hal_exti.c ****       regval |= (pExtiConfig->GPIOSel << (AFIO_EXTICR1_EXTI1_Pos * (linepos & 0x03u)));
 170              		.loc 1 200 7 is_stmt 1 view .LVU59
 200:Drivers/STM32F1xx_HAL_Driver/Src/stm32f1xx_hal_exti.c ****       regval |= (pExtiConfig->GPIOSel << (AFIO_EXTICR1_EXTI1_Pos * (linepos & 0x03u)));
 171              		.loc 1 200 76 is_stmt 0 view .LVU60
 172 00b0 03F00303 		and	r3, r3, #3
 173              	.LVL9:
 200:Drivers/STM32F1xx_HAL_Driver/Src/stm32f1xx_hal_exti.c ****       regval |= (pExtiConfig->GPIOSel << (AFIO_EXTICR1_EXTI1_Pos * (linepos & 0x03u)));
 174              		.loc 1 200 65 view .LVU61
 175 00b4 9B00     		lsls	r3, r3, #2
 200:Drivers/STM32F1xx_HAL_Driver/Src/stm32f1xx_hal_exti.c ****       regval |= (pExtiConfig->GPIOSel << (AFIO_EXTICR1_EXTI1_Pos * (linepos & 0x03u)));
 176              		.loc 1 200 38 view .LVU62
 177 00b6 4FF00F0E 		mov	lr, #15
 178 00ba 0EFA03FE 		lsl	lr, lr, r3
 200:Drivers/STM32F1xx_HAL_Driver/Src/stm32f1xx_hal_exti.c ****       regval |= (pExtiConfig->GPIOSel << (AFIO_EXTICR1_EXTI1_Pos * (linepos & 0x03u)));
 179              		.loc 1 200 14 view .LVU63
 180 00be 2CEA0E0C 		bic	ip, ip, lr
 181              	.LVL10:
 201:Drivers/STM32F1xx_HAL_Driver/Src/stm32f1xx_hal_exti.c ****       AFIO->EXTICR[linepos >> 2u] = regval;
 182              		.loc 1 201 7 is_stmt 1 view .LVU64
 201:Drivers/STM32F1xx_HAL_Driver/Src/stm32f1xx_hal_exti.c ****       AFIO->EXTICR[linepos >> 2u] = regval;
 183              		.loc 1 201 39 is_stmt 0 view .LVU65
 184 00c2 D1F80CE0 		ldr	lr, [r1, #12]
 185 00c6 0EFA03F3 		lsl	r3, lr, r3
 201:Drivers/STM32F1xx_HAL_Driver/Src/stm32f1xx_hal_exti.c ****       AFIO->EXTICR[linepos >> 2u] = regval;
 186              		.loc 1 201 14 view .LVU66
 187 00ca 43EA0C03 		orr	r3, r3, ip
 188              	.LVL11:
 202:Drivers/STM32F1xx_HAL_Driver/Src/stm32f1xx_hal_exti.c ****     }
 189              		.loc 1 202 7 is_stmt 1 view .LVU67
 202:Drivers/STM32F1xx_HAL_Driver/Src/stm32f1xx_hal_exti.c ****     }
 190              		.loc 1 202 35 is_stmt 0 view .LVU68
 191 00ce 44F82230 		str	r3, [r4, r2, lsl #2]
 192 00d2 C4E7     		b	.L3
 193              	.LVL12:
 194              	.L8:
 214:Drivers/STM32F1xx_HAL_Driver/Src/stm32f1xx_hal_exti.c ****   }
 195              		.loc 1 214 5 is_stmt 1 view .LVU69
 214:Drivers/STM32F1xx_HAL_Driver/Src/stm32f1xx_hal_exti.c ****   }
 196              		.loc 1 214 9 is_stmt 0 view .LVU70
 197 00d4 084A     		ldr	r2, .L18
 198 00d6 1368     		ldr	r3, [r2]
 214:Drivers/STM32F1xx_HAL_Driver/Src/stm32f1xx_hal_exti.c ****   }
 199              		.loc 1 214 15 view .LVU71
 200 00d8 23EA0003 		bic	r3, r3, r0
 201 00dc 1360     		str	r3, [r2]
 202 00de C6E7     		b	.L9
 203              	.L10:
ARM GAS  C:\Users\Akame\AppData\Local\Temp\ccZH8fHH.s 			page 9


 225:Drivers/STM32F1xx_HAL_Driver/Src/stm32f1xx_hal_exti.c ****   }
 204              		.loc 1 225 5 is_stmt 1 view .LVU72
 225:Drivers/STM32F1xx_HAL_Driver/Src/stm32f1xx_hal_exti.c ****   }
 205              		.loc 1 225 9 is_stmt 0 view .LVU73
 206 00e0 054A     		ldr	r2, .L18
 207 00e2 5368     		ldr	r3, [r2, #4]
 225:Drivers/STM32F1xx_HAL_Driver/Src/stm32f1xx_hal_exti.c ****   }
 208              		.loc 1 225 15 view .LVU74
 209 00e4 23EA0003 		bic	r3, r3, r0
 210 00e8 5360     		str	r3, [r2, #4]
 228:Drivers/STM32F1xx_HAL_Driver/Src/stm32f1xx_hal_exti.c **** }
 211              		.loc 1 228 10 view .LVU75
 212 00ea 0020     		movs	r0, #0
 213              	.LVL13:
 228:Drivers/STM32F1xx_HAL_Driver/Src/stm32f1xx_hal_exti.c **** }
 214              		.loc 1 228 10 view .LVU76
 215 00ec C8E7     		b	.L2
 216              	.LVL14:
 217              	.L11:
 218              	.LCFI1:
 219              		.cfi_def_cfa_offset 0
 220              		.cfi_restore 4
 221              		.cfi_restore 14
 151:Drivers/STM32F1xx_HAL_Driver/Src/stm32f1xx_hal_exti.c ****   }
 222              		.loc 1 151 12 view .LVU77
 223 00ee 0120     		movs	r0, #1
 224              	.LVL15:
 151:Drivers/STM32F1xx_HAL_Driver/Src/stm32f1xx_hal_exti.c ****   }
 225              		.loc 1 151 12 view .LVU78
 226 00f0 7047     		bx	lr
 227              	.LVL16:
 228              	.L12:
 151:Drivers/STM32F1xx_HAL_Driver/Src/stm32f1xx_hal_exti.c ****   }
 229              		.loc 1 151 12 view .LVU79
 230 00f2 0120     		movs	r0, #1
 231              	.LVL17:
 232              		.loc 1 229 1 view .LVU80
 233 00f4 7047     		bx	lr
 234              	.L19:
 235 00f6 00BF     		.align	2
 236              	.L18:
 237 00f8 00040140 		.word	1073808384
 238 00fc 00000140 		.word	1073807360
 239              		.cfi_endproc
 240              	.LFE65:
 242              		.section	.text.HAL_EXTI_GetConfigLine,"ax",%progbits
 243              		.align	1
 244              		.global	HAL_EXTI_GetConfigLine
 245              		.syntax unified
 246              		.thumb
 247              		.thumb_func
 249              	HAL_EXTI_GetConfigLine:
 250              	.LVL18:
 251              	.LFB66:
 230:Drivers/STM32F1xx_HAL_Driver/Src/stm32f1xx_hal_exti.c **** 
 231:Drivers/STM32F1xx_HAL_Driver/Src/stm32f1xx_hal_exti.c **** /**
 232:Drivers/STM32F1xx_HAL_Driver/Src/stm32f1xx_hal_exti.c ****   * @brief  Get configuration of a dedicated Exti line.
ARM GAS  C:\Users\Akame\AppData\Local\Temp\ccZH8fHH.s 			page 10


 233:Drivers/STM32F1xx_HAL_Driver/Src/stm32f1xx_hal_exti.c ****   * @param  hexti Exti handle.
 234:Drivers/STM32F1xx_HAL_Driver/Src/stm32f1xx_hal_exti.c ****   * @param  pExtiConfig Pointer on structure to store Exti configuration.
 235:Drivers/STM32F1xx_HAL_Driver/Src/stm32f1xx_hal_exti.c ****   * @retval HAL Status.
 236:Drivers/STM32F1xx_HAL_Driver/Src/stm32f1xx_hal_exti.c ****   */
 237:Drivers/STM32F1xx_HAL_Driver/Src/stm32f1xx_hal_exti.c **** HAL_StatusTypeDef HAL_EXTI_GetConfigLine(EXTI_HandleTypeDef *hexti, EXTI_ConfigTypeDef *pExtiConfig
 238:Drivers/STM32F1xx_HAL_Driver/Src/stm32f1xx_hal_exti.c **** {
 252              		.loc 1 238 1 is_stmt 1 view -0
 253              		.cfi_startproc
 254              		@ args = 0, pretend = 0, frame = 0
 255              		@ frame_needed = 0, uses_anonymous_args = 0
 239:Drivers/STM32F1xx_HAL_Driver/Src/stm32f1xx_hal_exti.c ****   uint32_t regval;
 256              		.loc 1 239 3 view .LVU82
 240:Drivers/STM32F1xx_HAL_Driver/Src/stm32f1xx_hal_exti.c ****   uint32_t linepos;
 257              		.loc 1 240 3 view .LVU83
 241:Drivers/STM32F1xx_HAL_Driver/Src/stm32f1xx_hal_exti.c ****   uint32_t maskline;
 258              		.loc 1 241 3 view .LVU84
 242:Drivers/STM32F1xx_HAL_Driver/Src/stm32f1xx_hal_exti.c **** 
 243:Drivers/STM32F1xx_HAL_Driver/Src/stm32f1xx_hal_exti.c ****   /* Check null pointer */
 244:Drivers/STM32F1xx_HAL_Driver/Src/stm32f1xx_hal_exti.c ****   if ((hexti == NULL) || (pExtiConfig == NULL))
 259              		.loc 1 244 3 view .LVU85
 260              		.loc 1 244 6 is_stmt 0 view .LVU86
 261 0000 0028     		cmp	r0, #0
 262 0002 4AD0     		beq	.L27
 263              		.loc 1 244 23 discriminator 1 view .LVU87
 264 0004 0029     		cmp	r1, #0
 265 0006 4AD0     		beq	.L28
 238:Drivers/STM32F1xx_HAL_Driver/Src/stm32f1xx_hal_exti.c ****   uint32_t regval;
 266              		.loc 1 238 1 view .LVU88
 267 0008 00B5     		push	{lr}
 268              	.LCFI2:
 269              		.cfi_def_cfa_offset 4
 270              		.cfi_offset 14, -4
 245:Drivers/STM32F1xx_HAL_Driver/Src/stm32f1xx_hal_exti.c ****   {
 246:Drivers/STM32F1xx_HAL_Driver/Src/stm32f1xx_hal_exti.c ****     return HAL_ERROR;
 247:Drivers/STM32F1xx_HAL_Driver/Src/stm32f1xx_hal_exti.c ****   }
 248:Drivers/STM32F1xx_HAL_Driver/Src/stm32f1xx_hal_exti.c **** 
 249:Drivers/STM32F1xx_HAL_Driver/Src/stm32f1xx_hal_exti.c ****   /* Check the parameter */
 250:Drivers/STM32F1xx_HAL_Driver/Src/stm32f1xx_hal_exti.c ****   assert_param(IS_EXTI_LINE(hexti->Line));
 271              		.loc 1 250 3 is_stmt 1 view .LVU89
 251:Drivers/STM32F1xx_HAL_Driver/Src/stm32f1xx_hal_exti.c **** 
 252:Drivers/STM32F1xx_HAL_Driver/Src/stm32f1xx_hal_exti.c ****   /* Store handle line number to configuration structure */
 253:Drivers/STM32F1xx_HAL_Driver/Src/stm32f1xx_hal_exti.c ****   pExtiConfig->Line = hexti->Line;
 272              		.loc 1 253 3 view .LVU90
 273              		.loc 1 253 28 is_stmt 0 view .LVU91
 274 000a D0F800C0 		ldr	ip, [r0]
 275              		.loc 1 253 21 view .LVU92
 276 000e C1F800C0 		str	ip, [r1]
 254:Drivers/STM32F1xx_HAL_Driver/Src/stm32f1xx_hal_exti.c **** 
 255:Drivers/STM32F1xx_HAL_Driver/Src/stm32f1xx_hal_exti.c ****   /* Compute line mask */
 256:Drivers/STM32F1xx_HAL_Driver/Src/stm32f1xx_hal_exti.c ****   linepos = (pExtiConfig->Line & EXTI_PIN_MASK);
 277              		.loc 1 256 3 is_stmt 1 view .LVU93
 278              		.loc 1 256 11 is_stmt 0 view .LVU94
 279 0012 0CF01F0E 		and	lr, ip, #31
 280              	.LVL19:
 257:Drivers/STM32F1xx_HAL_Driver/Src/stm32f1xx_hal_exti.c ****   maskline = (1uL << linepos);
 281              		.loc 1 257 3 is_stmt 1 view .LVU95
 282              		.loc 1 257 12 is_stmt 0 view .LVU96
ARM GAS  C:\Users\Akame\AppData\Local\Temp\ccZH8fHH.s 			page 11


 283 0016 0123     		movs	r3, #1
 284 0018 03FA0EF3 		lsl	r3, r3, lr
 285              	.LVL20:
 258:Drivers/STM32F1xx_HAL_Driver/Src/stm32f1xx_hal_exti.c **** 
 259:Drivers/STM32F1xx_HAL_Driver/Src/stm32f1xx_hal_exti.c ****   /* 1] Get core mode : interrupt */
 260:Drivers/STM32F1xx_HAL_Driver/Src/stm32f1xx_hal_exti.c **** 
 261:Drivers/STM32F1xx_HAL_Driver/Src/stm32f1xx_hal_exti.c ****   /* Check if selected line is enable */
 262:Drivers/STM32F1xx_HAL_Driver/Src/stm32f1xx_hal_exti.c ****   if ((EXTI->IMR & maskline) != 0x00u)
 286              		.loc 1 262 3 is_stmt 1 view .LVU97
 287              		.loc 1 262 12 is_stmt 0 view .LVU98
 288 001c 2248     		ldr	r0, .L36
 289              	.LVL21:
 290              		.loc 1 262 12 view .LVU99
 291 001e 0068     		ldr	r0, [r0]
 292              		.loc 1 262 6 view .LVU100
 293 0020 1842     		tst	r0, r3
 294 0022 27D0     		beq	.L22
 263:Drivers/STM32F1xx_HAL_Driver/Src/stm32f1xx_hal_exti.c ****   {
 264:Drivers/STM32F1xx_HAL_Driver/Src/stm32f1xx_hal_exti.c ****     pExtiConfig->Mode = EXTI_MODE_INTERRUPT;
 295              		.loc 1 264 5 is_stmt 1 view .LVU101
 296              		.loc 1 264 23 is_stmt 0 view .LVU102
 297 0024 0122     		movs	r2, #1
 298 0026 4A60     		str	r2, [r1, #4]
 299              	.L23:
 265:Drivers/STM32F1xx_HAL_Driver/Src/stm32f1xx_hal_exti.c ****   }
 266:Drivers/STM32F1xx_HAL_Driver/Src/stm32f1xx_hal_exti.c ****   else
 267:Drivers/STM32F1xx_HAL_Driver/Src/stm32f1xx_hal_exti.c ****   {
 268:Drivers/STM32F1xx_HAL_Driver/Src/stm32f1xx_hal_exti.c ****     pExtiConfig->Mode = EXTI_MODE_NONE;
 269:Drivers/STM32F1xx_HAL_Driver/Src/stm32f1xx_hal_exti.c ****   }
 270:Drivers/STM32F1xx_HAL_Driver/Src/stm32f1xx_hal_exti.c **** 
 271:Drivers/STM32F1xx_HAL_Driver/Src/stm32f1xx_hal_exti.c ****   /* Get event mode */
 272:Drivers/STM32F1xx_HAL_Driver/Src/stm32f1xx_hal_exti.c ****   /* Check if selected line is enable */
 273:Drivers/STM32F1xx_HAL_Driver/Src/stm32f1xx_hal_exti.c ****   if ((EXTI->EMR & maskline) != 0x00u)
 300              		.loc 1 273 3 is_stmt 1 view .LVU103
 301              		.loc 1 273 12 is_stmt 0 view .LVU104
 302 0028 1F48     		ldr	r0, .L36
 303 002a 4068     		ldr	r0, [r0, #4]
 304              		.loc 1 273 6 view .LVU105
 305 002c 1842     		tst	r0, r3
 306 002e 03D0     		beq	.L24
 274:Drivers/STM32F1xx_HAL_Driver/Src/stm32f1xx_hal_exti.c ****   {
 275:Drivers/STM32F1xx_HAL_Driver/Src/stm32f1xx_hal_exti.c ****     pExtiConfig->Mode |= EXTI_MODE_EVENT;
 307              		.loc 1 275 5 is_stmt 1 view .LVU106
 308              		.loc 1 275 16 is_stmt 0 view .LVU107
 309 0030 4868     		ldr	r0, [r1, #4]
 310              		.loc 1 275 23 view .LVU108
 311 0032 40F00200 		orr	r0, r0, #2
 312 0036 4860     		str	r0, [r1, #4]
 313              	.L24:
 276:Drivers/STM32F1xx_HAL_Driver/Src/stm32f1xx_hal_exti.c ****   }
 277:Drivers/STM32F1xx_HAL_Driver/Src/stm32f1xx_hal_exti.c **** 
 278:Drivers/STM32F1xx_HAL_Driver/Src/stm32f1xx_hal_exti.c ****   /* Get default Trigger and GPIOSel configuration */
 279:Drivers/STM32F1xx_HAL_Driver/Src/stm32f1xx_hal_exti.c ****   pExtiConfig->Trigger = EXTI_TRIGGER_NONE;
 314              		.loc 1 279 3 is_stmt 1 view .LVU109
 315              		.loc 1 279 24 is_stmt 0 view .LVU110
 316 0038 0022     		movs	r2, #0
 317 003a 8A60     		str	r2, [r1, #8]
ARM GAS  C:\Users\Akame\AppData\Local\Temp\ccZH8fHH.s 			page 12


 280:Drivers/STM32F1xx_HAL_Driver/Src/stm32f1xx_hal_exti.c ****   pExtiConfig->GPIOSel = 0x00u;
 318              		.loc 1 280 3 is_stmt 1 view .LVU111
 319              		.loc 1 280 24 is_stmt 0 view .LVU112
 320 003c CA60     		str	r2, [r1, #12]
 281:Drivers/STM32F1xx_HAL_Driver/Src/stm32f1xx_hal_exti.c **** 
 282:Drivers/STM32F1xx_HAL_Driver/Src/stm32f1xx_hal_exti.c ****   /* 2] Get trigger for configurable lines : rising */
 283:Drivers/STM32F1xx_HAL_Driver/Src/stm32f1xx_hal_exti.c ****   if ((pExtiConfig->Line & EXTI_CONFIG) != 0x00u)
 321              		.loc 1 283 3 is_stmt 1 view .LVU113
 322              		.loc 1 283 6 is_stmt 0 view .LVU114
 323 003e 1CF0007F 		tst	ip, #33554432
 324 0042 2ED0     		beq	.L29
 284:Drivers/STM32F1xx_HAL_Driver/Src/stm32f1xx_hal_exti.c ****   {
 285:Drivers/STM32F1xx_HAL_Driver/Src/stm32f1xx_hal_exti.c ****     /* Check if configuration of selected line is enable */
 286:Drivers/STM32F1xx_HAL_Driver/Src/stm32f1xx_hal_exti.c ****     if ((EXTI->RTSR & maskline) != 0x00u)
 325              		.loc 1 286 5 is_stmt 1 view .LVU115
 326              		.loc 1 286 14 is_stmt 0 view .LVU116
 327 0044 02F18042 		add	r2, r2, #1073741824
 328 0048 02F58232 		add	r2, r2, #66560
 329 004c 9268     		ldr	r2, [r2, #8]
 330              		.loc 1 286 8 view .LVU117
 331 004e 1A42     		tst	r2, r3
 332 0050 01D0     		beq	.L25
 287:Drivers/STM32F1xx_HAL_Driver/Src/stm32f1xx_hal_exti.c ****     {
 288:Drivers/STM32F1xx_HAL_Driver/Src/stm32f1xx_hal_exti.c ****       pExtiConfig->Trigger = EXTI_TRIGGER_RISING;
 333              		.loc 1 288 7 is_stmt 1 view .LVU118
 334              		.loc 1 288 28 is_stmt 0 view .LVU119
 335 0052 0122     		movs	r2, #1
 336 0054 8A60     		str	r2, [r1, #8]
 337              	.L25:
 289:Drivers/STM32F1xx_HAL_Driver/Src/stm32f1xx_hal_exti.c ****     }
 290:Drivers/STM32F1xx_HAL_Driver/Src/stm32f1xx_hal_exti.c **** 
 291:Drivers/STM32F1xx_HAL_Driver/Src/stm32f1xx_hal_exti.c ****     /* Get falling configuration */
 292:Drivers/STM32F1xx_HAL_Driver/Src/stm32f1xx_hal_exti.c ****     /* Check if configuration of selected line is enable */
 293:Drivers/STM32F1xx_HAL_Driver/Src/stm32f1xx_hal_exti.c ****     if ((EXTI->FTSR & maskline) != 0x00u)
 338              		.loc 1 293 5 is_stmt 1 view .LVU120
 339              		.loc 1 293 14 is_stmt 0 view .LVU121
 340 0056 144A     		ldr	r2, .L36
 341 0058 D268     		ldr	r2, [r2, #12]
 342              		.loc 1 293 8 view .LVU122
 343 005a 1A42     		tst	r2, r3
 344 005c 03D0     		beq	.L26
 294:Drivers/STM32F1xx_HAL_Driver/Src/stm32f1xx_hal_exti.c ****     {
 295:Drivers/STM32F1xx_HAL_Driver/Src/stm32f1xx_hal_exti.c ****       pExtiConfig->Trigger |= EXTI_TRIGGER_FALLING;
 345              		.loc 1 295 7 is_stmt 1 view .LVU123
 346              		.loc 1 295 18 is_stmt 0 view .LVU124
 347 005e 8B68     		ldr	r3, [r1, #8]
 348              	.LVL22:
 349              		.loc 1 295 28 view .LVU125
 350 0060 43F00203 		orr	r3, r3, #2
 351 0064 8B60     		str	r3, [r1, #8]
 352              	.L26:
 296:Drivers/STM32F1xx_HAL_Driver/Src/stm32f1xx_hal_exti.c ****     }
 297:Drivers/STM32F1xx_HAL_Driver/Src/stm32f1xx_hal_exti.c **** 
 298:Drivers/STM32F1xx_HAL_Driver/Src/stm32f1xx_hal_exti.c ****     /* Get Gpio port selection for gpio lines */
 299:Drivers/STM32F1xx_HAL_Driver/Src/stm32f1xx_hal_exti.c ****     if ((pExtiConfig->Line & EXTI_GPIO) == EXTI_GPIO)
 353              		.loc 1 299 5 is_stmt 1 view .LVU126
 354              		.loc 1 299 28 is_stmt 0 view .LVU127
ARM GAS  C:\Users\Akame\AppData\Local\Temp\ccZH8fHH.s 			page 13


 355 0066 0CF0C063 		and	r3, ip, #100663296
 356              		.loc 1 299 8 view .LVU128
 357 006a B3F1C06F 		cmp	r3, #100663296
 358 006e 04D0     		beq	.L35
 300:Drivers/STM32F1xx_HAL_Driver/Src/stm32f1xx_hal_exti.c ****     {
 301:Drivers/STM32F1xx_HAL_Driver/Src/stm32f1xx_hal_exti.c ****       assert_param(IS_EXTI_GPIO_PIN(linepos));
 302:Drivers/STM32F1xx_HAL_Driver/Src/stm32f1xx_hal_exti.c **** 
 303:Drivers/STM32F1xx_HAL_Driver/Src/stm32f1xx_hal_exti.c ****       regval = AFIO->EXTICR[linepos >> 2u];
 304:Drivers/STM32F1xx_HAL_Driver/Src/stm32f1xx_hal_exti.c ****       pExtiConfig->GPIOSel = (regval >> (AFIO_EXTICR1_EXTI1_Pos * (linepos & 0x03u))) & AFIO_EXTICR
 305:Drivers/STM32F1xx_HAL_Driver/Src/stm32f1xx_hal_exti.c ****     }
 306:Drivers/STM32F1xx_HAL_Driver/Src/stm32f1xx_hal_exti.c ****   }
 307:Drivers/STM32F1xx_HAL_Driver/Src/stm32f1xx_hal_exti.c **** 
 308:Drivers/STM32F1xx_HAL_Driver/Src/stm32f1xx_hal_exti.c ****   return HAL_OK;
 359              		.loc 1 308 10 view .LVU129
 360 0070 0020     		movs	r0, #0
 361 0072 17E0     		b	.L21
 362              	.LVL23:
 363              	.L22:
 268:Drivers/STM32F1xx_HAL_Driver/Src/stm32f1xx_hal_exti.c ****   }
 364              		.loc 1 268 5 is_stmt 1 view .LVU130
 268:Drivers/STM32F1xx_HAL_Driver/Src/stm32f1xx_hal_exti.c ****   }
 365              		.loc 1 268 23 is_stmt 0 view .LVU131
 366 0074 0022     		movs	r2, #0
 367 0076 4A60     		str	r2, [r1, #4]
 368 0078 D6E7     		b	.L23
 369              	.LVL24:
 370              	.L35:
 301:Drivers/STM32F1xx_HAL_Driver/Src/stm32f1xx_hal_exti.c **** 
 371              		.loc 1 301 7 is_stmt 1 view .LVU132
 303:Drivers/STM32F1xx_HAL_Driver/Src/stm32f1xx_hal_exti.c ****       pExtiConfig->GPIOSel = (regval >> (AFIO_EXTICR1_EXTI1_Pos * (linepos & 0x03u))) & AFIO_EXTICR
 372              		.loc 1 303 7 view .LVU133
 303:Drivers/STM32F1xx_HAL_Driver/Src/stm32f1xx_hal_exti.c ****       pExtiConfig->GPIOSel = (regval >> (AFIO_EXTICR1_EXTI1_Pos * (linepos & 0x03u))) & AFIO_EXTICR
 373              		.loc 1 303 37 is_stmt 0 view .LVU134
 374 007a 4FEA9E02 		lsr	r2, lr, #2
 303:Drivers/STM32F1xx_HAL_Driver/Src/stm32f1xx_hal_exti.c ****       pExtiConfig->GPIOSel = (regval >> (AFIO_EXTICR1_EXTI1_Pos * (linepos & 0x03u))) & AFIO_EXTICR
 375              		.loc 1 303 14 view .LVU135
 376 007e 0232     		adds	r2, r2, #2
 377 0080 0A4B     		ldr	r3, .L36+4
 378 0082 53F82220 		ldr	r2, [r3, r2, lsl #2]
 379              	.LVL25:
 304:Drivers/STM32F1xx_HAL_Driver/Src/stm32f1xx_hal_exti.c ****     }
 380              		.loc 1 304 7 is_stmt 1 view .LVU136
 304:Drivers/STM32F1xx_HAL_Driver/Src/stm32f1xx_hal_exti.c ****     }
 381              		.loc 1 304 76 is_stmt 0 view .LVU137
 382 0086 0CF00303 		and	r3, ip, #3
 304:Drivers/STM32F1xx_HAL_Driver/Src/stm32f1xx_hal_exti.c ****     }
 383              		.loc 1 304 65 view .LVU138
 384 008a 9B00     		lsls	r3, r3, #2
 304:Drivers/STM32F1xx_HAL_Driver/Src/stm32f1xx_hal_exti.c ****     }
 385              		.loc 1 304 38 view .LVU139
 386 008c 22FA03F3 		lsr	r3, r2, r3
 304:Drivers/STM32F1xx_HAL_Driver/Src/stm32f1xx_hal_exti.c ****     }
 387              		.loc 1 304 87 view .LVU140
 388 0090 03F00F03 		and	r3, r3, #15
 304:Drivers/STM32F1xx_HAL_Driver/Src/stm32f1xx_hal_exti.c ****     }
 389              		.loc 1 304 28 view .LVU141
 390 0094 CB60     		str	r3, [r1, #12]
ARM GAS  C:\Users\Akame\AppData\Local\Temp\ccZH8fHH.s 			page 14


 391              		.loc 1 308 10 view .LVU142
 392 0096 0020     		movs	r0, #0
 393 0098 04E0     		b	.L21
 394              	.LVL26:
 395              	.L27:
 396              	.LCFI3:
 397              		.cfi_def_cfa_offset 0
 398              		.cfi_restore 14
 246:Drivers/STM32F1xx_HAL_Driver/Src/stm32f1xx_hal_exti.c ****   }
 399              		.loc 1 246 12 view .LVU143
 400 009a 0120     		movs	r0, #1
 401              	.LVL27:
 246:Drivers/STM32F1xx_HAL_Driver/Src/stm32f1xx_hal_exti.c ****   }
 402              		.loc 1 246 12 view .LVU144
 403 009c 7047     		bx	lr
 404              	.LVL28:
 405              	.L28:
 246:Drivers/STM32F1xx_HAL_Driver/Src/stm32f1xx_hal_exti.c ****   }
 406              		.loc 1 246 12 view .LVU145
 407 009e 0120     		movs	r0, #1
 408              	.LVL29:
 309:Drivers/STM32F1xx_HAL_Driver/Src/stm32f1xx_hal_exti.c **** }
 409              		.loc 1 309 1 view .LVU146
 410 00a0 7047     		bx	lr
 411              	.LVL30:
 412              	.L29:
 413              	.LCFI4:
 414              		.cfi_def_cfa_offset 4
 415              		.cfi_offset 14, -4
 308:Drivers/STM32F1xx_HAL_Driver/Src/stm32f1xx_hal_exti.c **** }
 416              		.loc 1 308 10 view .LVU147
 417 00a2 0020     		movs	r0, #0
 418              	.LVL31:
 419              	.L21:
 420              		.loc 1 309 1 view .LVU148
 421 00a4 00BD     		pop	{pc}
 422              	.L37:
 423 00a6 00BF     		.align	2
 424              	.L36:
 425 00a8 00040140 		.word	1073808384
 426 00ac 00000140 		.word	1073807360
 427              		.cfi_endproc
 428              	.LFE66:
 430              		.section	.text.HAL_EXTI_ClearConfigLine,"ax",%progbits
 431              		.align	1
 432              		.global	HAL_EXTI_ClearConfigLine
 433              		.syntax unified
 434              		.thumb
 435              		.thumb_func
 437              	HAL_EXTI_ClearConfigLine:
 438              	.LVL32:
 439              	.LFB67:
 310:Drivers/STM32F1xx_HAL_Driver/Src/stm32f1xx_hal_exti.c **** 
 311:Drivers/STM32F1xx_HAL_Driver/Src/stm32f1xx_hal_exti.c **** /**
 312:Drivers/STM32F1xx_HAL_Driver/Src/stm32f1xx_hal_exti.c ****   * @brief  Clear whole configuration of a dedicated Exti line.
 313:Drivers/STM32F1xx_HAL_Driver/Src/stm32f1xx_hal_exti.c ****   * @param  hexti Exti handle.
 314:Drivers/STM32F1xx_HAL_Driver/Src/stm32f1xx_hal_exti.c ****   * @retval HAL Status.
ARM GAS  C:\Users\Akame\AppData\Local\Temp\ccZH8fHH.s 			page 15


 315:Drivers/STM32F1xx_HAL_Driver/Src/stm32f1xx_hal_exti.c ****   */
 316:Drivers/STM32F1xx_HAL_Driver/Src/stm32f1xx_hal_exti.c **** HAL_StatusTypeDef HAL_EXTI_ClearConfigLine(EXTI_HandleTypeDef *hexti)
 317:Drivers/STM32F1xx_HAL_Driver/Src/stm32f1xx_hal_exti.c **** {
 440              		.loc 1 317 1 is_stmt 1 view -0
 441              		.cfi_startproc
 442              		@ args = 0, pretend = 0, frame = 0
 443              		@ frame_needed = 0, uses_anonymous_args = 0
 318:Drivers/STM32F1xx_HAL_Driver/Src/stm32f1xx_hal_exti.c ****   uint32_t regval;
 444              		.loc 1 318 3 view .LVU150
 319:Drivers/STM32F1xx_HAL_Driver/Src/stm32f1xx_hal_exti.c ****   uint32_t linepos;
 445              		.loc 1 319 3 view .LVU151
 320:Drivers/STM32F1xx_HAL_Driver/Src/stm32f1xx_hal_exti.c ****   uint32_t maskline;
 446              		.loc 1 320 3 view .LVU152
 321:Drivers/STM32F1xx_HAL_Driver/Src/stm32f1xx_hal_exti.c **** 
 322:Drivers/STM32F1xx_HAL_Driver/Src/stm32f1xx_hal_exti.c ****   /* Check null pointer */
 323:Drivers/STM32F1xx_HAL_Driver/Src/stm32f1xx_hal_exti.c ****   if (hexti == NULL)
 447              		.loc 1 323 3 view .LVU153
 448              		.loc 1 323 6 is_stmt 0 view .LVU154
 449 0000 0028     		cmp	r0, #0
 450 0002 3AD0     		beq	.L40
 317:Drivers/STM32F1xx_HAL_Driver/Src/stm32f1xx_hal_exti.c ****   uint32_t regval;
 451              		.loc 1 317 1 view .LVU155
 452 0004 10B5     		push	{r4, lr}
 453              	.LCFI5:
 454              		.cfi_def_cfa_offset 8
 455              		.cfi_offset 4, -8
 456              		.cfi_offset 14, -4
 457 0006 8446     		mov	ip, r0
 324:Drivers/STM32F1xx_HAL_Driver/Src/stm32f1xx_hal_exti.c ****   {
 325:Drivers/STM32F1xx_HAL_Driver/Src/stm32f1xx_hal_exti.c ****     return HAL_ERROR;
 326:Drivers/STM32F1xx_HAL_Driver/Src/stm32f1xx_hal_exti.c ****   }
 327:Drivers/STM32F1xx_HAL_Driver/Src/stm32f1xx_hal_exti.c **** 
 328:Drivers/STM32F1xx_HAL_Driver/Src/stm32f1xx_hal_exti.c ****   /* Check the parameter */
 329:Drivers/STM32F1xx_HAL_Driver/Src/stm32f1xx_hal_exti.c ****   assert_param(IS_EXTI_LINE(hexti->Line));
 458              		.loc 1 329 3 is_stmt 1 view .LVU156
 330:Drivers/STM32F1xx_HAL_Driver/Src/stm32f1xx_hal_exti.c **** 
 331:Drivers/STM32F1xx_HAL_Driver/Src/stm32f1xx_hal_exti.c ****   /* compute line mask */
 332:Drivers/STM32F1xx_HAL_Driver/Src/stm32f1xx_hal_exti.c ****   linepos = (hexti->Line & EXTI_PIN_MASK);
 459              		.loc 1 332 3 view .LVU157
 460              		.loc 1 332 19 is_stmt 0 view .LVU158
 461 0008 0368     		ldr	r3, [r0]
 462 000a 1C46     		mov	r4, r3
 463              		.loc 1 332 11 view .LVU159
 464 000c 03F01F00 		and	r0, r3, #31
 465              	.LVL33:
 333:Drivers/STM32F1xx_HAL_Driver/Src/stm32f1xx_hal_exti.c ****   maskline = (1uL << linepos);
 466              		.loc 1 333 3 is_stmt 1 view .LVU160
 467              		.loc 1 333 12 is_stmt 0 view .LVU161
 468 0010 0123     		movs	r3, #1
 469 0012 8340     		lsls	r3, r3, r0
 470              	.LVL34:
 334:Drivers/STM32F1xx_HAL_Driver/Src/stm32f1xx_hal_exti.c **** 
 335:Drivers/STM32F1xx_HAL_Driver/Src/stm32f1xx_hal_exti.c ****   /* 1] Clear interrupt mode */
 336:Drivers/STM32F1xx_HAL_Driver/Src/stm32f1xx_hal_exti.c ****   EXTI->IMR = (EXTI->IMR & ~maskline);
 471              		.loc 1 336 3 is_stmt 1 view .LVU162
 472              		.loc 1 336 20 is_stmt 0 view .LVU163
 473 0014 1B4A     		ldr	r2, .L48
ARM GAS  C:\Users\Akame\AppData\Local\Temp\ccZH8fHH.s 			page 16


 474 0016 1168     		ldr	r1, [r2]
 475              		.loc 1 336 28 view .LVU164
 476 0018 6FEA030E 		mvn	lr, r3
 477              		.loc 1 336 26 view .LVU165
 478 001c 21EA0301 		bic	r1, r1, r3
 479              		.loc 1 336 13 view .LVU166
 480 0020 1160     		str	r1, [r2]
 337:Drivers/STM32F1xx_HAL_Driver/Src/stm32f1xx_hal_exti.c **** 
 338:Drivers/STM32F1xx_HAL_Driver/Src/stm32f1xx_hal_exti.c ****   /* 2] Clear event mode */
 339:Drivers/STM32F1xx_HAL_Driver/Src/stm32f1xx_hal_exti.c ****   EXTI->EMR = (EXTI->EMR & ~maskline);
 481              		.loc 1 339 3 is_stmt 1 view .LVU167
 482              		.loc 1 339 20 is_stmt 0 view .LVU168
 483 0022 5168     		ldr	r1, [r2, #4]
 484              		.loc 1 339 26 view .LVU169
 485 0024 21EA0303 		bic	r3, r1, r3
 486              	.LVL35:
 487              		.loc 1 339 13 view .LVU170
 488 0028 5360     		str	r3, [r2, #4]
 340:Drivers/STM32F1xx_HAL_Driver/Src/stm32f1xx_hal_exti.c **** 
 341:Drivers/STM32F1xx_HAL_Driver/Src/stm32f1xx_hal_exti.c ****   /* 3] Clear triggers in case of configurable lines */
 342:Drivers/STM32F1xx_HAL_Driver/Src/stm32f1xx_hal_exti.c ****   if ((hexti->Line & EXTI_CONFIG) != 0x00u)
 489              		.loc 1 342 3 is_stmt 1 view .LVU171
 490              		.loc 1 342 13 is_stmt 0 view .LVU172
 491 002a DCF80030 		ldr	r3, [ip]
 492              		.loc 1 342 6 view .LVU173
 493 002e 13F0007F 		tst	r3, #33554432
 494 0032 24D0     		beq	.L41
 343:Drivers/STM32F1xx_HAL_Driver/Src/stm32f1xx_hal_exti.c ****   {
 344:Drivers/STM32F1xx_HAL_Driver/Src/stm32f1xx_hal_exti.c ****     EXTI->RTSR = (EXTI->RTSR & ~maskline);
 495              		.loc 1 344 5 is_stmt 1 view .LVU174
 496              		.loc 1 344 23 is_stmt 0 view .LVU175
 497 0034 9368     		ldr	r3, [r2, #8]
 498              		.loc 1 344 30 view .LVU176
 499 0036 0EEA0303 		and	r3, lr, r3
 500              		.loc 1 344 16 view .LVU177
 501 003a 9360     		str	r3, [r2, #8]
 345:Drivers/STM32F1xx_HAL_Driver/Src/stm32f1xx_hal_exti.c ****     EXTI->FTSR = (EXTI->FTSR & ~maskline);
 502              		.loc 1 345 5 is_stmt 1 view .LVU178
 503              		.loc 1 345 23 is_stmt 0 view .LVU179
 504 003c D368     		ldr	r3, [r2, #12]
 505              		.loc 1 345 30 view .LVU180
 506 003e 0EEA0303 		and	r3, lr, r3
 507              		.loc 1 345 16 view .LVU181
 508 0042 D360     		str	r3, [r2, #12]
 346:Drivers/STM32F1xx_HAL_Driver/Src/stm32f1xx_hal_exti.c **** 
 347:Drivers/STM32F1xx_HAL_Driver/Src/stm32f1xx_hal_exti.c ****     /* Get Gpio port selection for gpio lines */
 348:Drivers/STM32F1xx_HAL_Driver/Src/stm32f1xx_hal_exti.c ****     if ((hexti->Line & EXTI_GPIO) == EXTI_GPIO)
 509              		.loc 1 348 5 is_stmt 1 view .LVU182
 510              		.loc 1 348 15 is_stmt 0 view .LVU183
 511 0044 DCF80030 		ldr	r3, [ip]
 512              		.loc 1 348 22 view .LVU184
 513 0048 03F0C063 		and	r3, r3, #100663296
 514              		.loc 1 348 8 view .LVU185
 515 004c B3F1C06F 		cmp	r3, #100663296
 516 0050 01D0     		beq	.L47
 349:Drivers/STM32F1xx_HAL_Driver/Src/stm32f1xx_hal_exti.c ****     {
 350:Drivers/STM32F1xx_HAL_Driver/Src/stm32f1xx_hal_exti.c ****       assert_param(IS_EXTI_GPIO_PIN(linepos));
ARM GAS  C:\Users\Akame\AppData\Local\Temp\ccZH8fHH.s 			page 17


 351:Drivers/STM32F1xx_HAL_Driver/Src/stm32f1xx_hal_exti.c **** 
 352:Drivers/STM32F1xx_HAL_Driver/Src/stm32f1xx_hal_exti.c ****       regval = AFIO->EXTICR[linepos >> 2u];
 353:Drivers/STM32F1xx_HAL_Driver/Src/stm32f1xx_hal_exti.c ****       regval &= ~(AFIO_EXTICR1_EXTI0 << (AFIO_EXTICR1_EXTI1_Pos * (linepos & 0x03u)));
 354:Drivers/STM32F1xx_HAL_Driver/Src/stm32f1xx_hal_exti.c ****       AFIO->EXTICR[linepos >> 2u] = regval;
 355:Drivers/STM32F1xx_HAL_Driver/Src/stm32f1xx_hal_exti.c ****     }
 356:Drivers/STM32F1xx_HAL_Driver/Src/stm32f1xx_hal_exti.c ****   }
 357:Drivers/STM32F1xx_HAL_Driver/Src/stm32f1xx_hal_exti.c **** 
 358:Drivers/STM32F1xx_HAL_Driver/Src/stm32f1xx_hal_exti.c ****   return HAL_OK;
 517              		.loc 1 358 10 view .LVU186
 518 0052 0020     		movs	r0, #0
 519              	.LVL36:
 520              		.loc 1 358 10 view .LVU187
 521 0054 14E0     		b	.L39
 522              	.LVL37:
 523              	.L47:
 350:Drivers/STM32F1xx_HAL_Driver/Src/stm32f1xx_hal_exti.c **** 
 524              		.loc 1 350 7 is_stmt 1 view .LVU188
 352:Drivers/STM32F1xx_HAL_Driver/Src/stm32f1xx_hal_exti.c ****       regval &= ~(AFIO_EXTICR1_EXTI0 << (AFIO_EXTICR1_EXTI1_Pos * (linepos & 0x03u)));
 525              		.loc 1 352 7 view .LVU189
 352:Drivers/STM32F1xx_HAL_Driver/Src/stm32f1xx_hal_exti.c ****       regval &= ~(AFIO_EXTICR1_EXTI0 << (AFIO_EXTICR1_EXTI1_Pos * (linepos & 0x03u)));
 526              		.loc 1 352 37 is_stmt 0 view .LVU190
 527 0056 8008     		lsrs	r0, r0, #2
 528              	.LVL38:
 352:Drivers/STM32F1xx_HAL_Driver/Src/stm32f1xx_hal_exti.c ****       regval &= ~(AFIO_EXTICR1_EXTI0 << (AFIO_EXTICR1_EXTI1_Pos * (linepos & 0x03u)));
 529              		.loc 1 352 14 view .LVU191
 530 0058 DFF82CC0 		ldr	ip, .L48+4
 531              	.LVL39:
 352:Drivers/STM32F1xx_HAL_Driver/Src/stm32f1xx_hal_exti.c ****       regval &= ~(AFIO_EXTICR1_EXTI0 << (AFIO_EXTICR1_EXTI1_Pos * (linepos & 0x03u)));
 532              		.loc 1 352 14 view .LVU192
 533 005c 0230     		adds	r0, r0, #2
 534 005e 5CF82020 		ldr	r2, [ip, r0, lsl #2]
 535              	.LVL40:
 353:Drivers/STM32F1xx_HAL_Driver/Src/stm32f1xx_hal_exti.c ****       AFIO->EXTICR[linepos >> 2u] = regval;
 536              		.loc 1 353 7 is_stmt 1 view .LVU193
 353:Drivers/STM32F1xx_HAL_Driver/Src/stm32f1xx_hal_exti.c ****       AFIO->EXTICR[linepos >> 2u] = regval;
 537              		.loc 1 353 76 is_stmt 0 view .LVU194
 538 0062 04F00303 		and	r3, r4, #3
 353:Drivers/STM32F1xx_HAL_Driver/Src/stm32f1xx_hal_exti.c ****       AFIO->EXTICR[linepos >> 2u] = regval;
 539              		.loc 1 353 65 view .LVU195
 540 0066 9B00     		lsls	r3, r3, #2
 353:Drivers/STM32F1xx_HAL_Driver/Src/stm32f1xx_hal_exti.c ****       AFIO->EXTICR[linepos >> 2u] = regval;
 541              		.loc 1 353 38 view .LVU196
 542 0068 0F21     		movs	r1, #15
 543 006a 01FA03F3 		lsl	r3, r1, r3
 353:Drivers/STM32F1xx_HAL_Driver/Src/stm32f1xx_hal_exti.c ****       AFIO->EXTICR[linepos >> 2u] = regval;
 544              		.loc 1 353 14 view .LVU197
 545 006e 22EA0303 		bic	r3, r2, r3
 546              	.LVL41:
 354:Drivers/STM32F1xx_HAL_Driver/Src/stm32f1xx_hal_exti.c ****     }
 547              		.loc 1 354 7 is_stmt 1 view .LVU198
 354:Drivers/STM32F1xx_HAL_Driver/Src/stm32f1xx_hal_exti.c ****     }
 548              		.loc 1 354 35 is_stmt 0 view .LVU199
 549 0072 4CF82030 		str	r3, [ip, r0, lsl #2]
 550              		.loc 1 358 10 view .LVU200
 551 0076 0020     		movs	r0, #0
 552 0078 02E0     		b	.L39
 553              	.LVL42:
ARM GAS  C:\Users\Akame\AppData\Local\Temp\ccZH8fHH.s 			page 18


 554              	.L40:
 555              	.LCFI6:
 556              		.cfi_def_cfa_offset 0
 557              		.cfi_restore 4
 558              		.cfi_restore 14
 325:Drivers/STM32F1xx_HAL_Driver/Src/stm32f1xx_hal_exti.c ****   }
 559              		.loc 1 325 12 view .LVU201
 560 007a 0120     		movs	r0, #1
 561              	.LVL43:
 359:Drivers/STM32F1xx_HAL_Driver/Src/stm32f1xx_hal_exti.c **** }
 562              		.loc 1 359 1 view .LVU202
 563 007c 7047     		bx	lr
 564              	.LVL44:
 565              	.L41:
 566              	.LCFI7:
 567              		.cfi_def_cfa_offset 8
 568              		.cfi_offset 4, -8
 569              		.cfi_offset 14, -4
 358:Drivers/STM32F1xx_HAL_Driver/Src/stm32f1xx_hal_exti.c **** }
 570              		.loc 1 358 10 view .LVU203
 571 007e 0020     		movs	r0, #0
 572              	.LVL45:
 573              	.L39:
 574              		.loc 1 359 1 view .LVU204
 575 0080 10BD     		pop	{r4, pc}
 576              	.LVL46:
 577              	.L49:
 578              		.loc 1 359 1 view .LVU205
 579 0082 00BF     		.align	2
 580              	.L48:
 581 0084 00040140 		.word	1073808384
 582 0088 00000140 		.word	1073807360
 583              		.cfi_endproc
 584              	.LFE67:
 586              		.section	.text.HAL_EXTI_RegisterCallback,"ax",%progbits
 587              		.align	1
 588              		.global	HAL_EXTI_RegisterCallback
 589              		.syntax unified
 590              		.thumb
 591              		.thumb_func
 593              	HAL_EXTI_RegisterCallback:
 594              	.LVL47:
 595              	.LFB68:
 360:Drivers/STM32F1xx_HAL_Driver/Src/stm32f1xx_hal_exti.c **** 
 361:Drivers/STM32F1xx_HAL_Driver/Src/stm32f1xx_hal_exti.c **** /**
 362:Drivers/STM32F1xx_HAL_Driver/Src/stm32f1xx_hal_exti.c ****   * @brief  Register callback for a dedicated Exti line.
 363:Drivers/STM32F1xx_HAL_Driver/Src/stm32f1xx_hal_exti.c ****   * @param  hexti Exti handle.
 364:Drivers/STM32F1xx_HAL_Driver/Src/stm32f1xx_hal_exti.c ****   * @param  CallbackID User callback identifier.
 365:Drivers/STM32F1xx_HAL_Driver/Src/stm32f1xx_hal_exti.c ****   *         This parameter can be one of @arg @ref EXTI_CallbackIDTypeDef values.
 366:Drivers/STM32F1xx_HAL_Driver/Src/stm32f1xx_hal_exti.c ****   * @param  pPendingCbfn function pointer to be stored as callback.
 367:Drivers/STM32F1xx_HAL_Driver/Src/stm32f1xx_hal_exti.c ****   * @retval HAL Status.
 368:Drivers/STM32F1xx_HAL_Driver/Src/stm32f1xx_hal_exti.c ****   */
 369:Drivers/STM32F1xx_HAL_Driver/Src/stm32f1xx_hal_exti.c **** HAL_StatusTypeDef HAL_EXTI_RegisterCallback(EXTI_HandleTypeDef *hexti, EXTI_CallbackIDTypeDef Callb
 370:Drivers/STM32F1xx_HAL_Driver/Src/stm32f1xx_hal_exti.c **** {
 596              		.loc 1 370 1 is_stmt 1 view -0
 597              		.cfi_startproc
 598              		@ args = 0, pretend = 0, frame = 0
ARM GAS  C:\Users\Akame\AppData\Local\Temp\ccZH8fHH.s 			page 19


 599              		@ frame_needed = 0, uses_anonymous_args = 0
 600              		@ link register save eliminated.
 601              		.loc 1 370 1 is_stmt 0 view .LVU207
 602 0000 0346     		mov	r3, r0
 371:Drivers/STM32F1xx_HAL_Driver/Src/stm32f1xx_hal_exti.c ****   HAL_StatusTypeDef status = HAL_OK;
 603              		.loc 1 371 3 is_stmt 1 view .LVU208
 604              	.LVL48:
 372:Drivers/STM32F1xx_HAL_Driver/Src/stm32f1xx_hal_exti.c **** 
 373:Drivers/STM32F1xx_HAL_Driver/Src/stm32f1xx_hal_exti.c ****   switch (CallbackID)
 605              		.loc 1 373 3 view .LVU209
 606 0002 0846     		mov	r0, r1
 607              	.LVL49:
 608              		.loc 1 373 3 is_stmt 0 view .LVU210
 609 0004 09B9     		cbnz	r1, .L52
 374:Drivers/STM32F1xx_HAL_Driver/Src/stm32f1xx_hal_exti.c ****   {
 375:Drivers/STM32F1xx_HAL_Driver/Src/stm32f1xx_hal_exti.c ****     case  HAL_EXTI_COMMON_CB_ID:
 376:Drivers/STM32F1xx_HAL_Driver/Src/stm32f1xx_hal_exti.c ****       hexti->PendingCallback = pPendingCbfn;
 610              		.loc 1 376 7 is_stmt 1 view .LVU211
 611              		.loc 1 376 30 is_stmt 0 view .LVU212
 612 0006 5A60     		str	r2, [r3, #4]
 377:Drivers/STM32F1xx_HAL_Driver/Src/stm32f1xx_hal_exti.c ****       break;
 613              		.loc 1 377 7 is_stmt 1 view .LVU213
 614 0008 7047     		bx	lr
 615              	.L52:
 378:Drivers/STM32F1xx_HAL_Driver/Src/stm32f1xx_hal_exti.c **** 
 379:Drivers/STM32F1xx_HAL_Driver/Src/stm32f1xx_hal_exti.c ****     default:
 380:Drivers/STM32F1xx_HAL_Driver/Src/stm32f1xx_hal_exti.c ****       status = HAL_ERROR;
 616              		.loc 1 380 14 is_stmt 0 view .LVU214
 617 000a 0120     		movs	r0, #1
 618              	.LVL50:
 381:Drivers/STM32F1xx_HAL_Driver/Src/stm32f1xx_hal_exti.c ****       break;
 382:Drivers/STM32F1xx_HAL_Driver/Src/stm32f1xx_hal_exti.c ****   }
 383:Drivers/STM32F1xx_HAL_Driver/Src/stm32f1xx_hal_exti.c **** 
 384:Drivers/STM32F1xx_HAL_Driver/Src/stm32f1xx_hal_exti.c ****   return status;
 619              		.loc 1 384 3 is_stmt 1 view .LVU215
 385:Drivers/STM32F1xx_HAL_Driver/Src/stm32f1xx_hal_exti.c **** }
 620              		.loc 1 385 1 is_stmt 0 view .LVU216
 621 000c 7047     		bx	lr
 622              		.cfi_endproc
 623              	.LFE68:
 625              		.section	.text.HAL_EXTI_GetHandle,"ax",%progbits
 626              		.align	1
 627              		.global	HAL_EXTI_GetHandle
 628              		.syntax unified
 629              		.thumb
 630              		.thumb_func
 632              	HAL_EXTI_GetHandle:
 633              	.LVL51:
 634              	.LFB69:
 386:Drivers/STM32F1xx_HAL_Driver/Src/stm32f1xx_hal_exti.c **** 
 387:Drivers/STM32F1xx_HAL_Driver/Src/stm32f1xx_hal_exti.c **** /**
 388:Drivers/STM32F1xx_HAL_Driver/Src/stm32f1xx_hal_exti.c ****   * @brief  Store line number as handle private field.
 389:Drivers/STM32F1xx_HAL_Driver/Src/stm32f1xx_hal_exti.c ****   * @param  hexti Exti handle.
 390:Drivers/STM32F1xx_HAL_Driver/Src/stm32f1xx_hal_exti.c ****   * @param  ExtiLine Exti line number.
 391:Drivers/STM32F1xx_HAL_Driver/Src/stm32f1xx_hal_exti.c ****   *         This parameter can be from 0 to @ref EXTI_LINE_NB.
 392:Drivers/STM32F1xx_HAL_Driver/Src/stm32f1xx_hal_exti.c ****   * @retval HAL Status.
 393:Drivers/STM32F1xx_HAL_Driver/Src/stm32f1xx_hal_exti.c ****   */
ARM GAS  C:\Users\Akame\AppData\Local\Temp\ccZH8fHH.s 			page 20


 394:Drivers/STM32F1xx_HAL_Driver/Src/stm32f1xx_hal_exti.c **** HAL_StatusTypeDef HAL_EXTI_GetHandle(EXTI_HandleTypeDef *hexti, uint32_t ExtiLine)
 395:Drivers/STM32F1xx_HAL_Driver/Src/stm32f1xx_hal_exti.c **** {
 635              		.loc 1 395 1 is_stmt 1 view -0
 636              		.cfi_startproc
 637              		@ args = 0, pretend = 0, frame = 0
 638              		@ frame_needed = 0, uses_anonymous_args = 0
 639              		@ link register save eliminated.
 396:Drivers/STM32F1xx_HAL_Driver/Src/stm32f1xx_hal_exti.c ****   /* Check the parameters */
 397:Drivers/STM32F1xx_HAL_Driver/Src/stm32f1xx_hal_exti.c ****   assert_param(IS_EXTI_LINE(ExtiLine));
 640              		.loc 1 397 3 view .LVU218
 398:Drivers/STM32F1xx_HAL_Driver/Src/stm32f1xx_hal_exti.c **** 
 399:Drivers/STM32F1xx_HAL_Driver/Src/stm32f1xx_hal_exti.c ****   /* Check null pointer */
 400:Drivers/STM32F1xx_HAL_Driver/Src/stm32f1xx_hal_exti.c ****   if (hexti == NULL)
 641              		.loc 1 400 3 view .LVU219
 642              		.loc 1 400 6 is_stmt 0 view .LVU220
 643 0000 10B1     		cbz	r0, .L55
 401:Drivers/STM32F1xx_HAL_Driver/Src/stm32f1xx_hal_exti.c ****   {
 402:Drivers/STM32F1xx_HAL_Driver/Src/stm32f1xx_hal_exti.c ****     return HAL_ERROR;
 403:Drivers/STM32F1xx_HAL_Driver/Src/stm32f1xx_hal_exti.c ****   }
 404:Drivers/STM32F1xx_HAL_Driver/Src/stm32f1xx_hal_exti.c ****   else
 405:Drivers/STM32F1xx_HAL_Driver/Src/stm32f1xx_hal_exti.c ****   {
 406:Drivers/STM32F1xx_HAL_Driver/Src/stm32f1xx_hal_exti.c ****     /* Store line number as handle private field */
 407:Drivers/STM32F1xx_HAL_Driver/Src/stm32f1xx_hal_exti.c ****     hexti->Line = ExtiLine;
 644              		.loc 1 407 5 is_stmt 1 view .LVU221
 645              		.loc 1 407 17 is_stmt 0 view .LVU222
 646 0002 0160     		str	r1, [r0]
 408:Drivers/STM32F1xx_HAL_Driver/Src/stm32f1xx_hal_exti.c **** 
 409:Drivers/STM32F1xx_HAL_Driver/Src/stm32f1xx_hal_exti.c ****     return HAL_OK;
 647              		.loc 1 409 5 is_stmt 1 view .LVU223
 648              		.loc 1 409 12 is_stmt 0 view .LVU224
 649 0004 0020     		movs	r0, #0
 650              	.LVL52:
 651              		.loc 1 409 12 view .LVU225
 652 0006 7047     		bx	lr
 653              	.LVL53:
 654              	.L55:
 402:Drivers/STM32F1xx_HAL_Driver/Src/stm32f1xx_hal_exti.c ****   }
 655              		.loc 1 402 12 view .LVU226
 656 0008 0120     		movs	r0, #1
 657              	.LVL54:
 410:Drivers/STM32F1xx_HAL_Driver/Src/stm32f1xx_hal_exti.c ****   }
 411:Drivers/STM32F1xx_HAL_Driver/Src/stm32f1xx_hal_exti.c **** }
 658              		.loc 1 411 1 view .LVU227
 659 000a 7047     		bx	lr
 660              		.cfi_endproc
 661              	.LFE69:
 663              		.section	.text.HAL_EXTI_IRQHandler,"ax",%progbits
 664              		.align	1
 665              		.global	HAL_EXTI_IRQHandler
 666              		.syntax unified
 667              		.thumb
 668              		.thumb_func
 670              	HAL_EXTI_IRQHandler:
 671              	.LVL55:
 672              	.LFB70:
 412:Drivers/STM32F1xx_HAL_Driver/Src/stm32f1xx_hal_exti.c **** 
 413:Drivers/STM32F1xx_HAL_Driver/Src/stm32f1xx_hal_exti.c **** /**
ARM GAS  C:\Users\Akame\AppData\Local\Temp\ccZH8fHH.s 			page 21


 414:Drivers/STM32F1xx_HAL_Driver/Src/stm32f1xx_hal_exti.c ****   * @}
 415:Drivers/STM32F1xx_HAL_Driver/Src/stm32f1xx_hal_exti.c ****   */
 416:Drivers/STM32F1xx_HAL_Driver/Src/stm32f1xx_hal_exti.c **** 
 417:Drivers/STM32F1xx_HAL_Driver/Src/stm32f1xx_hal_exti.c **** /** @addtogroup EXTI_Exported_Functions_Group2
 418:Drivers/STM32F1xx_HAL_Driver/Src/stm32f1xx_hal_exti.c ****   *  @brief EXTI IO functions.
 419:Drivers/STM32F1xx_HAL_Driver/Src/stm32f1xx_hal_exti.c ****   *
 420:Drivers/STM32F1xx_HAL_Driver/Src/stm32f1xx_hal_exti.c **** @verbatim
 421:Drivers/STM32F1xx_HAL_Driver/Src/stm32f1xx_hal_exti.c ****  ===============================================================================
 422:Drivers/STM32F1xx_HAL_Driver/Src/stm32f1xx_hal_exti.c ****                        ##### IO operation functions #####
 423:Drivers/STM32F1xx_HAL_Driver/Src/stm32f1xx_hal_exti.c ****  ===============================================================================
 424:Drivers/STM32F1xx_HAL_Driver/Src/stm32f1xx_hal_exti.c **** 
 425:Drivers/STM32F1xx_HAL_Driver/Src/stm32f1xx_hal_exti.c **** @endverbatim
 426:Drivers/STM32F1xx_HAL_Driver/Src/stm32f1xx_hal_exti.c ****   * @{
 427:Drivers/STM32F1xx_HAL_Driver/Src/stm32f1xx_hal_exti.c ****   */
 428:Drivers/STM32F1xx_HAL_Driver/Src/stm32f1xx_hal_exti.c **** 
 429:Drivers/STM32F1xx_HAL_Driver/Src/stm32f1xx_hal_exti.c **** /**
 430:Drivers/STM32F1xx_HAL_Driver/Src/stm32f1xx_hal_exti.c ****   * @brief  Handle EXTI interrupt request.
 431:Drivers/STM32F1xx_HAL_Driver/Src/stm32f1xx_hal_exti.c ****   * @param  hexti Exti handle.
 432:Drivers/STM32F1xx_HAL_Driver/Src/stm32f1xx_hal_exti.c ****   * @retval none.
 433:Drivers/STM32F1xx_HAL_Driver/Src/stm32f1xx_hal_exti.c ****   */
 434:Drivers/STM32F1xx_HAL_Driver/Src/stm32f1xx_hal_exti.c **** void HAL_EXTI_IRQHandler(EXTI_HandleTypeDef *hexti)
 435:Drivers/STM32F1xx_HAL_Driver/Src/stm32f1xx_hal_exti.c **** {
 673              		.loc 1 435 1 is_stmt 1 view -0
 674              		.cfi_startproc
 675              		@ args = 0, pretend = 0, frame = 0
 676              		@ frame_needed = 0, uses_anonymous_args = 0
 677              		.loc 1 435 1 is_stmt 0 view .LVU229
 678 0000 08B5     		push	{r3, lr}
 679              	.LCFI8:
 680              		.cfi_def_cfa_offset 8
 681              		.cfi_offset 3, -8
 682              		.cfi_offset 14, -4
 436:Drivers/STM32F1xx_HAL_Driver/Src/stm32f1xx_hal_exti.c ****   uint32_t regval;
 683              		.loc 1 436 3 is_stmt 1 view .LVU230
 437:Drivers/STM32F1xx_HAL_Driver/Src/stm32f1xx_hal_exti.c ****   uint32_t maskline;
 684              		.loc 1 437 3 view .LVU231
 438:Drivers/STM32F1xx_HAL_Driver/Src/stm32f1xx_hal_exti.c **** 
 439:Drivers/STM32F1xx_HAL_Driver/Src/stm32f1xx_hal_exti.c ****   /* Compute line mask */
 440:Drivers/STM32F1xx_HAL_Driver/Src/stm32f1xx_hal_exti.c ****   maskline = (1uL << (hexti->Line & EXTI_PIN_MASK));
 685              		.loc 1 440 3 view .LVU232
 686              		.loc 1 440 28 is_stmt 0 view .LVU233
 687 0002 0368     		ldr	r3, [r0]
 688              		.loc 1 440 35 view .LVU234
 689 0004 03F01F02 		and	r2, r3, #31
 690              		.loc 1 440 12 view .LVU235
 691 0008 0123     		movs	r3, #1
 692 000a 9340     		lsls	r3, r3, r2
 693              	.LVL56:
 441:Drivers/STM32F1xx_HAL_Driver/Src/stm32f1xx_hal_exti.c **** 
 442:Drivers/STM32F1xx_HAL_Driver/Src/stm32f1xx_hal_exti.c ****   /* Get pending bit  */
 443:Drivers/STM32F1xx_HAL_Driver/Src/stm32f1xx_hal_exti.c ****   regval = (EXTI->PR & maskline);
 694              		.loc 1 443 3 is_stmt 1 view .LVU236
 695              		.loc 1 443 17 is_stmt 0 view .LVU237
 696 000c 044A     		ldr	r2, .L59
 697 000e 5269     		ldr	r2, [r2, #20]
 698              	.LVL57:
 444:Drivers/STM32F1xx_HAL_Driver/Src/stm32f1xx_hal_exti.c ****   if (regval != 0x00u)
ARM GAS  C:\Users\Akame\AppData\Local\Temp\ccZH8fHH.s 			page 22


 699              		.loc 1 444 3 is_stmt 1 view .LVU238
 700              		.loc 1 444 6 is_stmt 0 view .LVU239
 701 0010 1A42     		tst	r2, r3
 702 0012 04D0     		beq	.L56
 445:Drivers/STM32F1xx_HAL_Driver/Src/stm32f1xx_hal_exti.c ****   {
 446:Drivers/STM32F1xx_HAL_Driver/Src/stm32f1xx_hal_exti.c ****     /* Clear pending bit */
 447:Drivers/STM32F1xx_HAL_Driver/Src/stm32f1xx_hal_exti.c ****     EXTI->PR = maskline;
 703              		.loc 1 447 5 is_stmt 1 view .LVU240
 704              		.loc 1 447 14 is_stmt 0 view .LVU241
 705 0014 024A     		ldr	r2, .L59
 706              	.LVL58:
 707              		.loc 1 447 14 view .LVU242
 708 0016 5361     		str	r3, [r2, #20]
 448:Drivers/STM32F1xx_HAL_Driver/Src/stm32f1xx_hal_exti.c **** 
 449:Drivers/STM32F1xx_HAL_Driver/Src/stm32f1xx_hal_exti.c ****     /* Call callback */
 450:Drivers/STM32F1xx_HAL_Driver/Src/stm32f1xx_hal_exti.c ****     if (hexti->PendingCallback != NULL)
 709              		.loc 1 450 5 is_stmt 1 view .LVU243
 710              		.loc 1 450 14 is_stmt 0 view .LVU244
 711 0018 4368     		ldr	r3, [r0, #4]
 712              	.LVL59:
 713              		.loc 1 450 8 view .LVU245
 714 001a 03B1     		cbz	r3, .L56
 451:Drivers/STM32F1xx_HAL_Driver/Src/stm32f1xx_hal_exti.c ****     {
 452:Drivers/STM32F1xx_HAL_Driver/Src/stm32f1xx_hal_exti.c ****       hexti->PendingCallback();
 715              		.loc 1 452 7 is_stmt 1 view .LVU246
 716 001c 9847     		blx	r3
 717              	.LVL60:
 718              	.L56:
 453:Drivers/STM32F1xx_HAL_Driver/Src/stm32f1xx_hal_exti.c ****     }
 454:Drivers/STM32F1xx_HAL_Driver/Src/stm32f1xx_hal_exti.c ****   }
 455:Drivers/STM32F1xx_HAL_Driver/Src/stm32f1xx_hal_exti.c **** }
 719              		.loc 1 455 1 is_stmt 0 view .LVU247
 720 001e 08BD     		pop	{r3, pc}
 721              	.L60:
 722              		.align	2
 723              	.L59:
 724 0020 00040140 		.word	1073808384
 725              		.cfi_endproc
 726              	.LFE70:
 728              		.section	.text.HAL_EXTI_GetPending,"ax",%progbits
 729              		.align	1
 730              		.global	HAL_EXTI_GetPending
 731              		.syntax unified
 732              		.thumb
 733              		.thumb_func
 735              	HAL_EXTI_GetPending:
 736              	.LVL61:
 737              	.LFB71:
 456:Drivers/STM32F1xx_HAL_Driver/Src/stm32f1xx_hal_exti.c **** 
 457:Drivers/STM32F1xx_HAL_Driver/Src/stm32f1xx_hal_exti.c **** /**
 458:Drivers/STM32F1xx_HAL_Driver/Src/stm32f1xx_hal_exti.c ****   * @brief  Get interrupt pending bit of a dedicated line.
 459:Drivers/STM32F1xx_HAL_Driver/Src/stm32f1xx_hal_exti.c ****   * @param  hexti Exti handle.
 460:Drivers/STM32F1xx_HAL_Driver/Src/stm32f1xx_hal_exti.c ****   * @param  Edge Specify which pending edge as to be checked.
 461:Drivers/STM32F1xx_HAL_Driver/Src/stm32f1xx_hal_exti.c ****   *         This parameter can be one of the following values:
 462:Drivers/STM32F1xx_HAL_Driver/Src/stm32f1xx_hal_exti.c ****   *           @arg @ref EXTI_TRIGGER_RISING_FALLING
 463:Drivers/STM32F1xx_HAL_Driver/Src/stm32f1xx_hal_exti.c ****   *         This parameter is kept for compatibility with other series.
 464:Drivers/STM32F1xx_HAL_Driver/Src/stm32f1xx_hal_exti.c ****   * @retval 1 if interrupt is pending else 0.
ARM GAS  C:\Users\Akame\AppData\Local\Temp\ccZH8fHH.s 			page 23


 465:Drivers/STM32F1xx_HAL_Driver/Src/stm32f1xx_hal_exti.c ****   */
 466:Drivers/STM32F1xx_HAL_Driver/Src/stm32f1xx_hal_exti.c **** uint32_t HAL_EXTI_GetPending(EXTI_HandleTypeDef *hexti, uint32_t Edge)
 467:Drivers/STM32F1xx_HAL_Driver/Src/stm32f1xx_hal_exti.c **** {
 738              		.loc 1 467 1 is_stmt 1 view -0
 739              		.cfi_startproc
 740              		@ args = 0, pretend = 0, frame = 0
 741              		@ frame_needed = 0, uses_anonymous_args = 0
 742              		@ link register save eliminated.
 468:Drivers/STM32F1xx_HAL_Driver/Src/stm32f1xx_hal_exti.c ****   uint32_t regval;
 743              		.loc 1 468 3 view .LVU249
 469:Drivers/STM32F1xx_HAL_Driver/Src/stm32f1xx_hal_exti.c ****   uint32_t maskline;
 744              		.loc 1 469 3 view .LVU250
 470:Drivers/STM32F1xx_HAL_Driver/Src/stm32f1xx_hal_exti.c ****   uint32_t linepos;
 745              		.loc 1 470 3 view .LVU251
 471:Drivers/STM32F1xx_HAL_Driver/Src/stm32f1xx_hal_exti.c **** 
 472:Drivers/STM32F1xx_HAL_Driver/Src/stm32f1xx_hal_exti.c ****   /* Check parameters */
 473:Drivers/STM32F1xx_HAL_Driver/Src/stm32f1xx_hal_exti.c ****   assert_param(IS_EXTI_LINE(hexti->Line));
 746              		.loc 1 473 3 view .LVU252
 474:Drivers/STM32F1xx_HAL_Driver/Src/stm32f1xx_hal_exti.c ****   assert_param(IS_EXTI_CONFIG_LINE(hexti->Line));
 747              		.loc 1 474 3 view .LVU253
 475:Drivers/STM32F1xx_HAL_Driver/Src/stm32f1xx_hal_exti.c ****   assert_param(IS_EXTI_PENDING_EDGE(Edge));
 748              		.loc 1 475 3 view .LVU254
 476:Drivers/STM32F1xx_HAL_Driver/Src/stm32f1xx_hal_exti.c **** 
 477:Drivers/STM32F1xx_HAL_Driver/Src/stm32f1xx_hal_exti.c ****   /* Prevent unused argument compilation warning */
 478:Drivers/STM32F1xx_HAL_Driver/Src/stm32f1xx_hal_exti.c ****   UNUSED(Edge);
 749              		.loc 1 478 3 view .LVU255
 479:Drivers/STM32F1xx_HAL_Driver/Src/stm32f1xx_hal_exti.c **** 
 480:Drivers/STM32F1xx_HAL_Driver/Src/stm32f1xx_hal_exti.c ****   /* Compute line mask */
 481:Drivers/STM32F1xx_HAL_Driver/Src/stm32f1xx_hal_exti.c ****   linepos = (hexti->Line & EXTI_PIN_MASK);
 750              		.loc 1 481 3 view .LVU256
 751              		.loc 1 481 19 is_stmt 0 view .LVU257
 752 0000 0368     		ldr	r3, [r0]
 753              		.loc 1 481 11 view .LVU258
 754 0002 03F01F03 		and	r3, r3, #31
 755              	.LVL62:
 482:Drivers/STM32F1xx_HAL_Driver/Src/stm32f1xx_hal_exti.c ****   maskline = (1uL << linepos);
 756              		.loc 1 482 3 is_stmt 1 view .LVU259
 757              		.loc 1 482 12 is_stmt 0 view .LVU260
 758 0006 0122     		movs	r2, #1
 759 0008 9A40     		lsls	r2, r2, r3
 760              	.LVL63:
 483:Drivers/STM32F1xx_HAL_Driver/Src/stm32f1xx_hal_exti.c **** 
 484:Drivers/STM32F1xx_HAL_Driver/Src/stm32f1xx_hal_exti.c ****   /* return 1 if bit is set else 0 */
 485:Drivers/STM32F1xx_HAL_Driver/Src/stm32f1xx_hal_exti.c ****   regval = ((EXTI->PR & maskline) >> linepos);
 761              		.loc 1 485 3 is_stmt 1 view .LVU261
 762              		.loc 1 485 18 is_stmt 0 view .LVU262
 763 000a 0249     		ldr	r1, .L62
 764              	.LVL64:
 765              		.loc 1 485 18 view .LVU263
 766 000c 4869     		ldr	r0, [r1, #20]
 767              	.LVL65:
 768              		.loc 1 485 23 view .LVU264
 769 000e 1040     		ands	r0, r0, r2
 770              	.LVL66:
 486:Drivers/STM32F1xx_HAL_Driver/Src/stm32f1xx_hal_exti.c ****   return regval;
 771              		.loc 1 486 3 is_stmt 1 view .LVU265
 487:Drivers/STM32F1xx_HAL_Driver/Src/stm32f1xx_hal_exti.c **** }
ARM GAS  C:\Users\Akame\AppData\Local\Temp\ccZH8fHH.s 			page 24


 772              		.loc 1 487 1 is_stmt 0 view .LVU266
 773 0010 D840     		lsrs	r0, r0, r3
 774              	.LVL67:
 775              		.loc 1 487 1 view .LVU267
 776 0012 7047     		bx	lr
 777              	.L63:
 778              		.align	2
 779              	.L62:
 780 0014 00040140 		.word	1073808384
 781              		.cfi_endproc
 782              	.LFE71:
 784              		.section	.text.HAL_EXTI_ClearPending,"ax",%progbits
 785              		.align	1
 786              		.global	HAL_EXTI_ClearPending
 787              		.syntax unified
 788              		.thumb
 789              		.thumb_func
 791              	HAL_EXTI_ClearPending:
 792              	.LVL68:
 793              	.LFB72:
 488:Drivers/STM32F1xx_HAL_Driver/Src/stm32f1xx_hal_exti.c **** 
 489:Drivers/STM32F1xx_HAL_Driver/Src/stm32f1xx_hal_exti.c **** /**
 490:Drivers/STM32F1xx_HAL_Driver/Src/stm32f1xx_hal_exti.c ****   * @brief  Clear interrupt pending bit of a dedicated line.
 491:Drivers/STM32F1xx_HAL_Driver/Src/stm32f1xx_hal_exti.c ****   * @param  hexti Exti handle.
 492:Drivers/STM32F1xx_HAL_Driver/Src/stm32f1xx_hal_exti.c ****   * @param  Edge Specify which pending edge as to be clear.
 493:Drivers/STM32F1xx_HAL_Driver/Src/stm32f1xx_hal_exti.c ****   *         This parameter can be one of the following values:
 494:Drivers/STM32F1xx_HAL_Driver/Src/stm32f1xx_hal_exti.c ****   *           @arg @ref EXTI_TRIGGER_RISING_FALLING
 495:Drivers/STM32F1xx_HAL_Driver/Src/stm32f1xx_hal_exti.c ****   *         This parameter is kept for compatibility with other series.
 496:Drivers/STM32F1xx_HAL_Driver/Src/stm32f1xx_hal_exti.c ****   * @retval None.
 497:Drivers/STM32F1xx_HAL_Driver/Src/stm32f1xx_hal_exti.c ****   */
 498:Drivers/STM32F1xx_HAL_Driver/Src/stm32f1xx_hal_exti.c **** void HAL_EXTI_ClearPending(EXTI_HandleTypeDef *hexti, uint32_t Edge)
 499:Drivers/STM32F1xx_HAL_Driver/Src/stm32f1xx_hal_exti.c **** {
 794              		.loc 1 499 1 is_stmt 1 view -0
 795              		.cfi_startproc
 796              		@ args = 0, pretend = 0, frame = 0
 797              		@ frame_needed = 0, uses_anonymous_args = 0
 798              		@ link register save eliminated.
 500:Drivers/STM32F1xx_HAL_Driver/Src/stm32f1xx_hal_exti.c ****   uint32_t maskline;
 799              		.loc 1 500 3 view .LVU269
 501:Drivers/STM32F1xx_HAL_Driver/Src/stm32f1xx_hal_exti.c **** 
 502:Drivers/STM32F1xx_HAL_Driver/Src/stm32f1xx_hal_exti.c ****   /* Check parameters */
 503:Drivers/STM32F1xx_HAL_Driver/Src/stm32f1xx_hal_exti.c ****   assert_param(IS_EXTI_LINE(hexti->Line));
 800              		.loc 1 503 3 view .LVU270
 504:Drivers/STM32F1xx_HAL_Driver/Src/stm32f1xx_hal_exti.c ****   assert_param(IS_EXTI_CONFIG_LINE(hexti->Line));
 801              		.loc 1 504 3 view .LVU271
 505:Drivers/STM32F1xx_HAL_Driver/Src/stm32f1xx_hal_exti.c ****   assert_param(IS_EXTI_PENDING_EDGE(Edge));
 802              		.loc 1 505 3 view .LVU272
 506:Drivers/STM32F1xx_HAL_Driver/Src/stm32f1xx_hal_exti.c **** 
 507:Drivers/STM32F1xx_HAL_Driver/Src/stm32f1xx_hal_exti.c ****   /* Prevent unused argument compilation warning */
 508:Drivers/STM32F1xx_HAL_Driver/Src/stm32f1xx_hal_exti.c ****   UNUSED(Edge);
 803              		.loc 1 508 3 view .LVU273
 509:Drivers/STM32F1xx_HAL_Driver/Src/stm32f1xx_hal_exti.c **** 
 510:Drivers/STM32F1xx_HAL_Driver/Src/stm32f1xx_hal_exti.c ****   /* Compute line mask */
 511:Drivers/STM32F1xx_HAL_Driver/Src/stm32f1xx_hal_exti.c ****   maskline = (1uL << (hexti->Line & EXTI_PIN_MASK));
 804              		.loc 1 511 3 view .LVU274
 805              		.loc 1 511 28 is_stmt 0 view .LVU275
 806 0000 0268     		ldr	r2, [r0]
ARM GAS  C:\Users\Akame\AppData\Local\Temp\ccZH8fHH.s 			page 25


 807              		.loc 1 511 35 view .LVU276
 808 0002 02F01F02 		and	r2, r2, #31
 809              		.loc 1 511 12 view .LVU277
 810 0006 0123     		movs	r3, #1
 811 0008 9340     		lsls	r3, r3, r2
 812              	.LVL69:
 512:Drivers/STM32F1xx_HAL_Driver/Src/stm32f1xx_hal_exti.c **** 
 513:Drivers/STM32F1xx_HAL_Driver/Src/stm32f1xx_hal_exti.c ****   /* Clear Pending bit */
 514:Drivers/STM32F1xx_HAL_Driver/Src/stm32f1xx_hal_exti.c ****   EXTI->PR =  maskline;
 813              		.loc 1 514 3 is_stmt 1 view .LVU278
 814              		.loc 1 514 12 is_stmt 0 view .LVU279
 815 000a 014A     		ldr	r2, .L65
 816 000c 5361     		str	r3, [r2, #20]
 515:Drivers/STM32F1xx_HAL_Driver/Src/stm32f1xx_hal_exti.c **** }
 817              		.loc 1 515 1 view .LVU280
 818 000e 7047     		bx	lr
 819              	.L66:
 820              		.align	2
 821              	.L65:
 822 0010 00040140 		.word	1073808384
 823              		.cfi_endproc
 824              	.LFE72:
 826              		.section	.text.HAL_EXTI_GenerateSWI,"ax",%progbits
 827              		.align	1
 828              		.global	HAL_EXTI_GenerateSWI
 829              		.syntax unified
 830              		.thumb
 831              		.thumb_func
 833              	HAL_EXTI_GenerateSWI:
 834              	.LVL70:
 835              	.LFB73:
 516:Drivers/STM32F1xx_HAL_Driver/Src/stm32f1xx_hal_exti.c **** 
 517:Drivers/STM32F1xx_HAL_Driver/Src/stm32f1xx_hal_exti.c **** /**
 518:Drivers/STM32F1xx_HAL_Driver/Src/stm32f1xx_hal_exti.c ****   * @brief  Generate a software interrupt for a dedicated line.
 519:Drivers/STM32F1xx_HAL_Driver/Src/stm32f1xx_hal_exti.c ****   * @param  hexti Exti handle.
 520:Drivers/STM32F1xx_HAL_Driver/Src/stm32f1xx_hal_exti.c ****   * @retval None.
 521:Drivers/STM32F1xx_HAL_Driver/Src/stm32f1xx_hal_exti.c ****   */
 522:Drivers/STM32F1xx_HAL_Driver/Src/stm32f1xx_hal_exti.c **** void HAL_EXTI_GenerateSWI(EXTI_HandleTypeDef *hexti)
 523:Drivers/STM32F1xx_HAL_Driver/Src/stm32f1xx_hal_exti.c **** {
 836              		.loc 1 523 1 is_stmt 1 view -0
 837              		.cfi_startproc
 838              		@ args = 0, pretend = 0, frame = 0
 839              		@ frame_needed = 0, uses_anonymous_args = 0
 840              		@ link register save eliminated.
 524:Drivers/STM32F1xx_HAL_Driver/Src/stm32f1xx_hal_exti.c ****   uint32_t maskline;
 841              		.loc 1 524 3 view .LVU282
 525:Drivers/STM32F1xx_HAL_Driver/Src/stm32f1xx_hal_exti.c **** 
 526:Drivers/STM32F1xx_HAL_Driver/Src/stm32f1xx_hal_exti.c ****   /* Check parameters */
 527:Drivers/STM32F1xx_HAL_Driver/Src/stm32f1xx_hal_exti.c ****   assert_param(IS_EXTI_LINE(hexti->Line));
 842              		.loc 1 527 3 view .LVU283
 528:Drivers/STM32F1xx_HAL_Driver/Src/stm32f1xx_hal_exti.c ****   assert_param(IS_EXTI_CONFIG_LINE(hexti->Line));
 843              		.loc 1 528 3 view .LVU284
 529:Drivers/STM32F1xx_HAL_Driver/Src/stm32f1xx_hal_exti.c **** 
 530:Drivers/STM32F1xx_HAL_Driver/Src/stm32f1xx_hal_exti.c ****   /* Compute line mask */
 531:Drivers/STM32F1xx_HAL_Driver/Src/stm32f1xx_hal_exti.c ****   maskline = (1uL << (hexti->Line & EXTI_PIN_MASK));
 844              		.loc 1 531 3 view .LVU285
 845              		.loc 1 531 28 is_stmt 0 view .LVU286
ARM GAS  C:\Users\Akame\AppData\Local\Temp\ccZH8fHH.s 			page 26


 846 0000 0268     		ldr	r2, [r0]
 847              		.loc 1 531 35 view .LVU287
 848 0002 02F01F02 		and	r2, r2, #31
 849              		.loc 1 531 12 view .LVU288
 850 0006 0123     		movs	r3, #1
 851 0008 9340     		lsls	r3, r3, r2
 852              	.LVL71:
 532:Drivers/STM32F1xx_HAL_Driver/Src/stm32f1xx_hal_exti.c **** 
 533:Drivers/STM32F1xx_HAL_Driver/Src/stm32f1xx_hal_exti.c ****   /* Generate Software interrupt */
 534:Drivers/STM32F1xx_HAL_Driver/Src/stm32f1xx_hal_exti.c ****   EXTI->SWIER = maskline;
 853              		.loc 1 534 3 is_stmt 1 view .LVU289
 854              		.loc 1 534 15 is_stmt 0 view .LVU290
 855 000a 014A     		ldr	r2, .L68
 856 000c 1361     		str	r3, [r2, #16]
 535:Drivers/STM32F1xx_HAL_Driver/Src/stm32f1xx_hal_exti.c **** }
 857              		.loc 1 535 1 view .LVU291
 858 000e 7047     		bx	lr
 859              	.L69:
 860              		.align	2
 861              	.L68:
 862 0010 00040140 		.word	1073808384
 863              		.cfi_endproc
 864              	.LFE73:
 866              		.text
 867              	.Letext0:
 868              		.file 2 "D:/Stack/arm-gnu-toolchain/arm-none-eabi/include/machine/_default_types.h"
 869              		.file 3 "D:/Stack/arm-gnu-toolchain/arm-none-eabi/include/sys/_stdint.h"
 870              		.file 4 "Drivers/CMSIS/Device/ST/STM32F1xx/Include/stm32f103xb.h"
 871              		.file 5 "Drivers/STM32F1xx_HAL_Driver/Inc/stm32f1xx_hal_def.h"
 872              		.file 6 "Drivers/STM32F1xx_HAL_Driver/Inc/stm32f1xx_hal_exti.h"
ARM GAS  C:\Users\Akame\AppData\Local\Temp\ccZH8fHH.s 			page 27


DEFINED SYMBOLS
                            *ABS*:00000000 stm32f1xx_hal_exti.c
C:\Users\Akame\AppData\Local\Temp\ccZH8fHH.s:19     .text.HAL_EXTI_SetConfigLine:00000000 $t
C:\Users\Akame\AppData\Local\Temp\ccZH8fHH.s:25     .text.HAL_EXTI_SetConfigLine:00000000 HAL_EXTI_SetConfigLine
C:\Users\Akame\AppData\Local\Temp\ccZH8fHH.s:237    .text.HAL_EXTI_SetConfigLine:000000f8 $d
C:\Users\Akame\AppData\Local\Temp\ccZH8fHH.s:243    .text.HAL_EXTI_GetConfigLine:00000000 $t
C:\Users\Akame\AppData\Local\Temp\ccZH8fHH.s:249    .text.HAL_EXTI_GetConfigLine:00000000 HAL_EXTI_GetConfigLine
C:\Users\Akame\AppData\Local\Temp\ccZH8fHH.s:425    .text.HAL_EXTI_GetConfigLine:000000a8 $d
C:\Users\Akame\AppData\Local\Temp\ccZH8fHH.s:431    .text.HAL_EXTI_ClearConfigLine:00000000 $t
C:\Users\Akame\AppData\Local\Temp\ccZH8fHH.s:437    .text.HAL_EXTI_ClearConfigLine:00000000 HAL_EXTI_ClearConfigLine
C:\Users\Akame\AppData\Local\Temp\ccZH8fHH.s:581    .text.HAL_EXTI_ClearConfigLine:00000084 $d
C:\Users\Akame\AppData\Local\Temp\ccZH8fHH.s:587    .text.HAL_EXTI_RegisterCallback:00000000 $t
C:\Users\Akame\AppData\Local\Temp\ccZH8fHH.s:593    .text.HAL_EXTI_RegisterCallback:00000000 HAL_EXTI_RegisterCallback
C:\Users\Akame\AppData\Local\Temp\ccZH8fHH.s:626    .text.HAL_EXTI_GetHandle:00000000 $t
C:\Users\Akame\AppData\Local\Temp\ccZH8fHH.s:632    .text.HAL_EXTI_GetHandle:00000000 HAL_EXTI_GetHandle
C:\Users\Akame\AppData\Local\Temp\ccZH8fHH.s:664    .text.HAL_EXTI_IRQHandler:00000000 $t
C:\Users\Akame\AppData\Local\Temp\ccZH8fHH.s:670    .text.HAL_EXTI_IRQHandler:00000000 HAL_EXTI_IRQHandler
C:\Users\Akame\AppData\Local\Temp\ccZH8fHH.s:724    .text.HAL_EXTI_IRQHandler:00000020 $d
C:\Users\Akame\AppData\Local\Temp\ccZH8fHH.s:729    .text.HAL_EXTI_GetPending:00000000 $t
C:\Users\Akame\AppData\Local\Temp\ccZH8fHH.s:735    .text.HAL_EXTI_GetPending:00000000 HAL_EXTI_GetPending
C:\Users\Akame\AppData\Local\Temp\ccZH8fHH.s:780    .text.HAL_EXTI_GetPending:00000014 $d
C:\Users\Akame\AppData\Local\Temp\ccZH8fHH.s:785    .text.HAL_EXTI_ClearPending:00000000 $t
C:\Users\Akame\AppData\Local\Temp\ccZH8fHH.s:791    .text.HAL_EXTI_ClearPending:00000000 HAL_EXTI_ClearPending
C:\Users\Akame\AppData\Local\Temp\ccZH8fHH.s:822    .text.HAL_EXTI_ClearPending:00000010 $d
C:\Users\Akame\AppData\Local\Temp\ccZH8fHH.s:827    .text.HAL_EXTI_GenerateSWI:00000000 $t
C:\Users\Akame\AppData\Local\Temp\ccZH8fHH.s:833    .text.HAL_EXTI_GenerateSWI:00000000 HAL_EXTI_GenerateSWI
C:\Users\Akame\AppData\Local\Temp\ccZH8fHH.s:862    .text.HAL_EXTI_GenerateSWI:00000010 $d

NO UNDEFINED SYMBOLS
